2025-04-16 21:22:03,194 - __main__ - DEBUG - Cleanup of old chunks completed
2025-04-16 21:22:03,194 - __main__ - INFO - Initial cleanup of stale chunks completed
2025-04-16 21:22:05,014 - __main__ - DEBUG - Rendering index page
2025-04-16 21:22:22,353 - __main__ - DEBUG - Received check_chunks request with upload_id: 1744809742349_vv27fuiccuf_share_fc7e7c96eecc26e24e4dc74e4d4608091737897806682.mp4
2025-04-16 21:22:22,359 - __main__ - DEBUG - Received upload_chunk request
2025-04-16 21:22:22,367 - __main__ - DEBUG - Chunk 0 saved at C:\Users\wolfheluo\Documents\workspace\upload\chunked\1744809742349_vv27fuiccuf_share_fc7e7c96eecc26e24e4dc74e4d4608091737897806682.mp4\00000
2025-04-16 21:22:22,367 - __main__ - INFO - Chunk 0 of 9 saved for file share_fc7e7c96eecc26e24e4dc74e4d4608091737897806682.mp4
2025-04-16 21:22:22,375 - __main__ - DEBUG - Received upload_chunk request
2025-04-16 21:22:22,382 - __main__ - DEBUG - Chunk 1 saved at C:\Users\wolfheluo\Documents\workspace\upload\chunked\1744809742349_vv27fuiccuf_share_fc7e7c96eecc26e24e4dc74e4d4608091737897806682.mp4\00001
2025-04-16 21:22:22,383 - __main__ - INFO - Chunk 1 of 9 saved for file share_fc7e7c96eecc26e24e4dc74e4d4608091737897806682.mp4
2025-04-16 21:22:22,398 - __main__ - DEBUG - Received upload_chunk request
2025-04-16 21:22:22,404 - __main__ - DEBUG - Chunk 2 saved at C:\Users\wolfheluo\Documents\workspace\upload\chunked\1744809742349_vv27fuiccuf_share_fc7e7c96eecc26e24e4dc74e4d4608091737897806682.mp4\00002
2025-04-16 21:22:22,404 - __main__ - INFO - Chunk 2 of 9 saved for file share_fc7e7c96eecc26e24e4dc74e4d4608091737897806682.mp4
2025-04-16 21:22:22,412 - __main__ - DEBUG - Received upload_chunk request
2025-04-16 21:22:22,419 - __main__ - DEBUG - Chunk 3 saved at C:\Users\wolfheluo\Documents\workspace\upload\chunked\1744809742349_vv27fuiccuf_share_fc7e7c96eecc26e24e4dc74e4d4608091737897806682.mp4\00003
2025-04-16 21:22:22,419 - __main__ - INFO - Chunk 3 of 9 saved for file share_fc7e7c96eecc26e24e4dc74e4d4608091737897806682.mp4
2025-04-16 21:22:22,426 - __main__ - DEBUG - Received upload_chunk request
2025-04-16 21:22:22,459 - __main__ - DEBUG - Chunk 4 saved at C:\Users\wolfheluo\Documents\workspace\upload\chunked\1744809742349_vv27fuiccuf_share_fc7e7c96eecc26e24e4dc74e4d4608091737897806682.mp4\00004
2025-04-16 21:22:22,459 - __main__ - INFO - Chunk 4 of 9 saved for file share_fc7e7c96eecc26e24e4dc74e4d4608091737897806682.mp4
2025-04-16 21:22:22,466 - __main__ - DEBUG - Received upload_chunk request
2025-04-16 21:22:22,472 - __main__ - DEBUG - Chunk 5 saved at C:\Users\wolfheluo\Documents\workspace\upload\chunked\1744809742349_vv27fuiccuf_share_fc7e7c96eecc26e24e4dc74e4d4608091737897806682.mp4\00005
2025-04-16 21:22:22,473 - __main__ - INFO - Chunk 5 of 9 saved for file share_fc7e7c96eecc26e24e4dc74e4d4608091737897806682.mp4
2025-04-16 21:22:22,492 - __main__ - DEBUG - Received upload_chunk request
2025-04-16 21:22:22,498 - __main__ - DEBUG - Chunk 6 saved at C:\Users\wolfheluo\Documents\workspace\upload\chunked\1744809742349_vv27fuiccuf_share_fc7e7c96eecc26e24e4dc74e4d4608091737897806682.mp4\00006
2025-04-16 21:22:22,499 - __main__ - INFO - Chunk 6 of 9 saved for file share_fc7e7c96eecc26e24e4dc74e4d4608091737897806682.mp4
2025-04-16 21:22:22,506 - __main__ - DEBUG - Received upload_chunk request
2025-04-16 21:22:22,512 - __main__ - DEBUG - Chunk 7 saved at C:\Users\wolfheluo\Documents\workspace\upload\chunked\1744809742349_vv27fuiccuf_share_fc7e7c96eecc26e24e4dc74e4d4608091737897806682.mp4\00007
2025-04-16 21:22:22,513 - __main__ - INFO - Chunk 7 of 9 saved for file share_fc7e7c96eecc26e24e4dc74e4d4608091737897806682.mp4
2025-04-16 21:22:22,520 - __main__ - DEBUG - Received upload_chunk request
2025-04-16 21:22:22,526 - __main__ - DEBUG - Chunk 8 saved at C:\Users\wolfheluo\Documents\workspace\upload\chunked\1744809742349_vv27fuiccuf_share_fc7e7c96eecc26e24e4dc74e4d4608091737897806682.mp4\00008
2025-04-16 21:22:22,527 - __main__ - INFO - Chunk 8 of 9 saved for file share_fc7e7c96eecc26e24e4dc74e4d4608091737897806682.mp4
2025-04-16 21:22:22,604 - __main__ - DEBUG - Temporary chunks for 1744809742349_vv27fuiccuf_share_fc7e7c96eecc26e24e4dc74e4d4608091737897806682.mp4 cleaned up
2025-04-16 21:22:22,625 - __main__ - DEBUG - File share_fc7e7c96eecc26e24e4dc74e4d4608091737897806682.mp4 detected as: video/mp4
2025-04-16 21:22:22,724 - __main__ - DEBUG - File hash: 345edbd3c629ee822a314211d65fb8fc
2025-04-16 21:22:22,725 - __main__ - DEBUG - File share_fc7e7c96eecc26e24e4dc74e4d4608091737897806682.mp4 successfully assembled from chunks
2025-04-16 21:22:22,726 - __main__ - INFO - File share_fc7e7c96eecc26e24e4dc74e4d4608091737897806682.mp4 successfully assembled from chunks
2025-04-16 21:22:22,731 - __main__ - DEBUG - Received finalize_upload request
2025-04-16 21:22:22,732 - __main__ - INFO - File share_fc7e7c96eecc26e24e4dc74e4d4608091737897806682.mp4 finalization confirmed. Size: 9268070 bytes
2025-04-16 21:29:34,571 - __main__ - DEBUG - Cleanup of old chunks completed
2025-04-16 21:29:34,571 - __main__ - INFO - Initial cleanup of stale chunks completed
2025-04-16 21:29:39,821 - __main__ - DEBUG - Rendering index page
2025-04-16 21:29:54,387 - __main__ - DEBUG - Received check_chunks request with upload_id: 1744810194382_ms9cr2zas7d_IMG_20250411_123721.jpg
2025-04-16 21:29:54,389 - __main__ - DEBUG - Received check_chunks request with upload_id: 1744810194383_m47ctmw9cle_share_fc7e7c96eecc26e24e4dc74e4d4608091737897806682.mp4
2025-04-16 21:29:54,390 - __main__ - DEBUG - Received check_chunks request with upload_id: 1744810194383_8rnmek6fh9c_VID_20250119_165036.mp4
2025-04-16 21:29:54,399 - __main__ - DEBUG - Received upload_chunk request
2025-04-16 21:29:54,402 - __main__ - DEBUG - Received upload_chunk request
2025-04-16 21:29:54,403 - __main__ - DEBUG - Received upload_chunk request
2025-04-16 21:29:54,416 - __main__ - DEBUG - Chunk 0 saved at C:\Users\wolfheluo\Documents\workspace\upload\chunked\1744810194383_8rnmek6fh9c_VID_20250119_165036.mp4\00000
2025-04-16 21:29:54,416 - __main__ - DEBUG - Chunk 0 saved at C:\Users\wolfheluo\Documents\workspace\upload\chunked\1744810194382_ms9cr2zas7d_IMG_20250411_123721.jpg\00000
2025-04-16 21:29:54,417 - __main__ - INFO - Chunk 0 of 215 saved for file VID_20250119_165036.mp4
2025-04-16 21:29:54,417 - __main__ - INFO - Chunk 0 of 5 saved for file IMG_20250411_123721.jpg
2025-04-16 21:29:54,417 - __main__ - DEBUG - Chunk 0 saved at C:\Users\wolfheluo\Documents\workspace\upload\chunked\1744810194383_m47ctmw9cle_share_fc7e7c96eecc26e24e4dc74e4d4608091737897806682.mp4\00000
2025-04-16 21:29:54,418 - __main__ - INFO - Chunk 0 of 9 saved for file share_fc7e7c96eecc26e24e4dc74e4d4608091737897806682.mp4
2025-04-16 21:29:54,426 - __main__ - DEBUG - Received upload_chunk request
2025-04-16 21:29:54,429 - __main__ - DEBUG - Received upload_chunk request
2025-04-16 21:29:54,431 - __main__ - DEBUG - Received upload_chunk request
2025-04-16 21:29:54,439 - __main__ - DEBUG - Chunk 1 saved at C:\Users\wolfheluo\Documents\workspace\upload\chunked\1744810194383_8rnmek6fh9c_VID_20250119_165036.mp4\00001
2025-04-16 21:29:54,440 - __main__ - INFO - Chunk 1 of 215 saved for file VID_20250119_165036.mp4
2025-04-16 21:29:54,441 - __main__ - DEBUG - Chunk 1 saved at C:\Users\wolfheluo\Documents\workspace\upload\chunked\1744810194383_m47ctmw9cle_share_fc7e7c96eecc26e24e4dc74e4d4608091737897806682.mp4\00001
2025-04-16 21:29:54,441 - __main__ - INFO - Chunk 1 of 9 saved for file share_fc7e7c96eecc26e24e4dc74e4d4608091737897806682.mp4
2025-04-16 21:29:54,449 - __main__ - DEBUG - Received upload_chunk request
2025-04-16 21:29:54,453 - __main__ - DEBUG - Received upload_chunk request
2025-04-16 21:29:54,461 - __main__ - DEBUG - Chunk 1 saved at C:\Users\wolfheluo\Documents\workspace\upload\chunked\1744810194382_ms9cr2zas7d_IMG_20250411_123721.jpg\00001
2025-04-16 21:29:54,462 - __main__ - INFO - Chunk 1 of 5 saved for file IMG_20250411_123721.jpg
2025-04-16 21:29:54,469 - __main__ - DEBUG - Chunk 2 saved at C:\Users\wolfheluo\Documents\workspace\upload\chunked\1744810194383_8rnmek6fh9c_VID_20250119_165036.mp4\00002
2025-04-16 21:29:54,469 - __main__ - INFO - Chunk 2 of 215 saved for file VID_20250119_165036.mp4
2025-04-16 21:29:54,470 - __main__ - DEBUG - Chunk 2 saved at C:\Users\wolfheluo\Documents\workspace\upload\chunked\1744810194383_m47ctmw9cle_share_fc7e7c96eecc26e24e4dc74e4d4608091737897806682.mp4\00002
2025-04-16 21:29:54,472 - __main__ - DEBUG - Received upload_chunk request
2025-04-16 21:29:54,472 - __main__ - INFO - Chunk 2 of 9 saved for file share_fc7e7c96eecc26e24e4dc74e4d4608091737897806682.mp4
2025-04-16 21:29:54,480 - __main__ - DEBUG - Chunk 2 saved at C:\Users\wolfheluo\Documents\workspace\upload\chunked\1744810194382_ms9cr2zas7d_IMG_20250411_123721.jpg\00002
2025-04-16 21:29:54,480 - __main__ - INFO - Chunk 2 of 5 saved for file IMG_20250411_123721.jpg
2025-04-16 21:29:54,484 - __main__ - DEBUG - Received upload_chunk request
2025-04-16 21:29:54,490 - __main__ - DEBUG - Received upload_chunk request
2025-04-16 21:29:54,491 - __main__ - DEBUG - Received upload_chunk request
2025-04-16 21:29:54,501 - __main__ - DEBUG - Chunk 3 saved at C:\Users\wolfheluo\Documents\workspace\upload\chunked\1744810194383_8rnmek6fh9c_VID_20250119_165036.mp4\00003
2025-04-16 21:29:54,503 - __main__ - INFO - Chunk 3 of 215 saved for file VID_20250119_165036.mp4
2025-04-16 21:29:54,503 - __main__ - DEBUG - Chunk 3 saved at C:\Users\wolfheluo\Documents\workspace\upload\chunked\1744810194383_m47ctmw9cle_share_fc7e7c96eecc26e24e4dc74e4d4608091737897806682.mp4\00003
2025-04-16 21:29:54,504 - __main__ - INFO - Chunk 3 of 9 saved for file share_fc7e7c96eecc26e24e4dc74e4d4608091737897806682.mp4
2025-04-16 21:29:54,504 - __main__ - DEBUG - Chunk 3 saved at C:\Users\wolfheluo\Documents\workspace\upload\chunked\1744810194382_ms9cr2zas7d_IMG_20250411_123721.jpg\00003
2025-04-16 21:29:54,504 - __main__ - INFO - Chunk 3 of 5 saved for file IMG_20250411_123721.jpg
2025-04-16 21:29:54,514 - __main__ - DEBUG - Received upload_chunk request
2025-04-16 21:29:54,514 - __main__ - DEBUG - Received upload_chunk request
2025-04-16 21:29:54,518 - __main__ - DEBUG - Received upload_chunk request
2025-04-16 21:29:54,523 - __main__ - DEBUG - Chunk 4 saved at C:\Users\wolfheluo\Documents\workspace\upload\chunked\1744810194382_ms9cr2zas7d_IMG_20250411_123721.jpg\00004
2025-04-16 21:29:54,524 - __main__ - INFO - Chunk 4 of 5 saved for file IMG_20250411_123721.jpg
2025-04-16 21:29:54,526 - __main__ - DEBUG - Chunk 4 saved at C:\Users\wolfheluo\Documents\workspace\upload\chunked\1744810194383_m47ctmw9cle_share_fc7e7c96eecc26e24e4dc74e4d4608091737897806682.mp4\00004
2025-04-16 21:29:54,527 - __main__ - INFO - Chunk 4 of 9 saved for file share_fc7e7c96eecc26e24e4dc74e4d4608091737897806682.mp4
2025-04-16 21:29:54,534 - __main__ - DEBUG - Received upload_chunk request
2025-04-16 21:29:54,539 - __main__ - DEBUG - Chunk 4 saved at C:\Users\wolfheluo\Documents\workspace\upload\chunked\1744810194383_8rnmek6fh9c_VID_20250119_165036.mp4\00004
2025-04-16 21:29:54,539 - __main__ - INFO - Chunk 4 of 215 saved for file VID_20250119_165036.mp4
2025-04-16 21:29:54,544 - __main__ - DEBUG - Chunk 5 saved at C:\Users\wolfheluo\Documents\workspace\upload\chunked\1744810194383_m47ctmw9cle_share_fc7e7c96eecc26e24e4dc74e4d4608091737897806682.mp4\00005
2025-04-16 21:29:54,544 - __main__ - INFO - Chunk 5 of 9 saved for file share_fc7e7c96eecc26e24e4dc74e4d4608091737897806682.mp4
2025-04-16 21:29:54,549 - __main__ - DEBUG - Received upload_chunk request
2025-04-16 21:29:54,553 - __main__ - DEBUG - Received upload_chunk request
2025-04-16 21:29:54,559 - __main__ - DEBUG - Chunk 5 saved at C:\Users\wolfheluo\Documents\workspace\upload\chunked\1744810194383_8rnmek6fh9c_VID_20250119_165036.mp4\00005
2025-04-16 21:29:54,559 - __main__ - INFO - Chunk 5 of 215 saved for file VID_20250119_165036.mp4
2025-04-16 21:29:54,561 - __main__ - DEBUG - Chunk 6 saved at C:\Users\wolfheluo\Documents\workspace\upload\chunked\1744810194383_m47ctmw9cle_share_fc7e7c96eecc26e24e4dc74e4d4608091737897806682.mp4\00006
2025-04-16 21:29:54,562 - __main__ - INFO - Chunk 6 of 9 saved for file share_fc7e7c96eecc26e24e4dc74e4d4608091737897806682.mp4
2025-04-16 21:29:54,569 - __main__ - DEBUG - Received upload_chunk request
2025-04-16 21:29:54,577 - __main__ - DEBUG - Chunk 6 saved at C:\Users\wolfheluo\Documents\workspace\upload\chunked\1744810194383_8rnmek6fh9c_VID_20250119_165036.mp4\00006
2025-04-16 21:29:54,577 - __main__ - INFO - Chunk 6 of 215 saved for file VID_20250119_165036.mp4
2025-04-16 21:29:54,578 - __main__ - DEBUG - Received upload_chunk request
2025-04-16 21:29:54,586 - __main__ - DEBUG - Received upload_chunk request
2025-04-16 21:29:54,589 - __main__ - DEBUG - Temporary chunks for 1744810194382_ms9cr2zas7d_IMG_20250411_123721.jpg cleaned up
2025-04-16 21:29:54,591 - __main__ - DEBUG - Chunk 7 saved at C:\Users\wolfheluo\Documents\workspace\upload\chunked\1744810194383_m47ctmw9cle_share_fc7e7c96eecc26e24e4dc74e4d4608091737897806682.mp4\00007
2025-04-16 21:29:54,591 - __main__ - INFO - Chunk 7 of 9 saved for file share_fc7e7c96eecc26e24e4dc74e4d4608091737897806682.mp4
2025-04-16 21:29:54,596 - __main__ - DEBUG - Chunk 7 saved at C:\Users\wolfheluo\Documents\workspace\upload\chunked\1744810194383_8rnmek6fh9c_VID_20250119_165036.mp4\00007
2025-04-16 21:29:54,596 - __main__ - INFO - Chunk 7 of 215 saved for file VID_20250119_165036.mp4
2025-04-16 21:29:54,602 - __main__ - DEBUG - Received upload_chunk request
2025-04-16 21:29:54,604 - __main__ - DEBUG - Received upload_chunk request
2025-04-16 21:29:54,608 - __main__ - DEBUG - File IMG_20250411_123721.jpg detected as: image/jpeg
2025-04-16 21:29:54,701 - __main__ - DEBUG - File hash: 5b78bded823acf0bf572aad6d7eff9c9
2025-04-16 21:29:54,702 - __main__ - DEBUG - File IMG_20250411_123721.jpg successfully assembled from chunks
2025-04-16 21:29:54,702 - __main__ - INFO - File IMG_20250411_123721.jpg successfully assembled from chunks
2025-04-16 21:29:54,703 - __main__ - DEBUG - Chunk 8 saved at C:\Users\wolfheluo\Documents\workspace\upload\chunked\1744810194383_m47ctmw9cle_share_fc7e7c96eecc26e24e4dc74e4d4608091737897806682.mp4\00008
2025-04-16 21:29:54,703 - __main__ - INFO - Chunk 8 of 9 saved for file share_fc7e7c96eecc26e24e4dc74e4d4608091737897806682.mp4
2025-04-16 21:29:54,704 - __main__ - DEBUG - Chunk 8 saved at C:\Users\wolfheluo\Documents\workspace\upload\chunked\1744810194383_8rnmek6fh9c_VID_20250119_165036.mp4\00008
2025-04-16 21:29:54,704 - __main__ - INFO - Chunk 8 of 215 saved for file VID_20250119_165036.mp4
2025-04-16 21:29:54,708 - __main__ - DEBUG - Received finalize_upload request
2025-04-16 21:29:54,709 - __main__ - INFO - File IMG_20250411_123721.jpg finalization confirmed. Size: 4594734 bytes
2025-04-16 21:29:54,717 - __main__ - DEBUG - Received upload_chunk request
2025-04-16 21:29:54,724 - __main__ - DEBUG - Chunk 9 saved at C:\Users\wolfheluo\Documents\workspace\upload\chunked\1744810194383_8rnmek6fh9c_VID_20250119_165036.mp4\00009
2025-04-16 21:29:54,725 - __main__ - INFO - Chunk 9 of 215 saved for file VID_20250119_165036.mp4
2025-04-16 21:29:54,732 - __main__ - DEBUG - Received upload_chunk request
2025-04-16 21:29:54,740 - __main__ - DEBUG - Chunk 10 saved at C:\Users\wolfheluo\Documents\workspace\upload\chunked\1744810194383_8rnmek6fh9c_VID_20250119_165036.mp4\00010
2025-04-16 21:29:54,740 - __main__ - INFO - Chunk 10 of 215 saved for file VID_20250119_165036.mp4
2025-04-16 21:29:54,763 - __main__ - DEBUG - Received upload_chunk request
2025-04-16 21:29:54,771 - __main__ - DEBUG - Chunk 11 saved at C:\Users\wolfheluo\Documents\workspace\upload\chunked\1744810194383_8rnmek6fh9c_VID_20250119_165036.mp4\00011
2025-04-16 21:29:54,771 - __main__ - INFO - Chunk 11 of 215 saved for file VID_20250119_165036.mp4
2025-04-16 21:29:54,778 - __main__ - DEBUG - Received upload_chunk request
2025-04-16 21:29:54,792 - __main__ - DEBUG - Temporary chunks for 1744810194383_m47ctmw9cle_share_fc7e7c96eecc26e24e4dc74e4d4608091737897806682.mp4 cleaned up
2025-04-16 21:29:54,794 - __main__ - DEBUG - Chunk 12 saved at C:\Users\wolfheluo\Documents\workspace\upload\chunked\1744810194383_8rnmek6fh9c_VID_20250119_165036.mp4\00012
2025-04-16 21:29:54,794 - __main__ - INFO - Chunk 12 of 215 saved for file VID_20250119_165036.mp4
2025-04-16 21:29:54,803 - __main__ - DEBUG - Received upload_chunk request
2025-04-16 21:29:54,807 - __main__ - DEBUG - File share_fc7e7c96eecc26e24e4dc74e4d4608091737897806682.mp4 detected as: video/mp4
2025-04-16 21:29:54,897 - __main__ - DEBUG - File hash: 345edbd3c629ee822a314211d65fb8fc
2025-04-16 21:29:54,898 - __main__ - DEBUG - File share_fc7e7c96eecc26e24e4dc74e4d4608091737897806682.mp4 successfully assembled from chunks
2025-04-16 21:29:54,898 - __main__ - INFO - File share_fc7e7c96eecc26e24e4dc74e4d4608091737897806682.mp4 successfully assembled from chunks
2025-04-16 21:29:54,898 - __main__ - DEBUG - Chunk 13 saved at C:\Users\wolfheluo\Documents\workspace\upload\chunked\1744810194383_8rnmek6fh9c_VID_20250119_165036.mp4\00013
2025-04-16 21:29:54,899 - __main__ - INFO - Chunk 13 of 215 saved for file VID_20250119_165036.mp4
2025-04-16 21:29:54,905 - __main__ - DEBUG - Received finalize_upload request
2025-04-16 21:29:54,907 - __main__ - DEBUG - Received upload_chunk request
2025-04-16 21:29:54,907 - __main__ - INFO - File share_fc7e7c96eecc26e24e4dc74e4d4608091737897806682.mp4 finalization confirmed. Size: 9268070 bytes
2025-04-16 21:29:54,914 - __main__ - DEBUG - Chunk 14 saved at C:\Users\wolfheluo\Documents\workspace\upload\chunked\1744810194383_8rnmek6fh9c_VID_20250119_165036.mp4\00014
2025-04-16 21:29:54,914 - __main__ - INFO - Chunk 14 of 215 saved for file VID_20250119_165036.mp4
2025-04-16 21:29:54,922 - __main__ - DEBUG - Received upload_chunk request
2025-04-16 21:29:54,929 - __main__ - DEBUG - Chunk 15 saved at C:\Users\wolfheluo\Documents\workspace\upload\chunked\1744810194383_8rnmek6fh9c_VID_20250119_165036.mp4\00015
2025-04-16 21:29:54,929 - __main__ - INFO - Chunk 15 of 215 saved for file VID_20250119_165036.mp4
2025-04-16 21:29:54,936 - __main__ - DEBUG - Received upload_chunk request
2025-04-16 21:29:54,941 - __main__ - DEBUG - Chunk 16 saved at C:\Users\wolfheluo\Documents\workspace\upload\chunked\1744810194383_8rnmek6fh9c_VID_20250119_165036.mp4\00016
2025-04-16 21:29:54,943 - __main__ - INFO - Chunk 16 of 215 saved for file VID_20250119_165036.mp4
2025-04-16 21:29:54,949 - __main__ - DEBUG - Received upload_chunk request
2025-04-16 21:29:54,954 - __main__ - DEBUG - Chunk 17 saved at C:\Users\wolfheluo\Documents\workspace\upload\chunked\1744810194383_8rnmek6fh9c_VID_20250119_165036.mp4\00017
2025-04-16 21:29:54,954 - __main__ - INFO - Chunk 17 of 215 saved for file VID_20250119_165036.mp4
2025-04-16 21:29:54,960 - __main__ - DEBUG - Received upload_chunk request
2025-04-16 21:29:54,967 - __main__ - DEBUG - Chunk 18 saved at C:\Users\wolfheluo\Documents\workspace\upload\chunked\1744810194383_8rnmek6fh9c_VID_20250119_165036.mp4\00018
2025-04-16 21:29:54,967 - __main__ - INFO - Chunk 18 of 215 saved for file VID_20250119_165036.mp4
2025-04-16 21:29:54,973 - __main__ - DEBUG - Received upload_chunk request
2025-04-16 21:29:54,979 - __main__ - DEBUG - Chunk 19 saved at C:\Users\wolfheluo\Documents\workspace\upload\chunked\1744810194383_8rnmek6fh9c_VID_20250119_165036.mp4\00019
2025-04-16 21:29:54,979 - __main__ - INFO - Chunk 19 of 215 saved for file VID_20250119_165036.mp4
2025-04-16 21:29:54,986 - __main__ - DEBUG - Received upload_chunk request
2025-04-16 21:29:54,991 - __main__ - DEBUG - Chunk 20 saved at C:\Users\wolfheluo\Documents\workspace\upload\chunked\1744810194383_8rnmek6fh9c_VID_20250119_165036.mp4\00020
2025-04-16 21:29:54,991 - __main__ - INFO - Chunk 20 of 215 saved for file VID_20250119_165036.mp4
2025-04-16 21:29:54,999 - __main__ - DEBUG - Received upload_chunk request
2025-04-16 21:29:55,007 - __main__ - DEBUG - Chunk 21 saved at C:\Users\wolfheluo\Documents\workspace\upload\chunked\1744810194383_8rnmek6fh9c_VID_20250119_165036.mp4\00021
2025-04-16 21:29:55,008 - __main__ - INFO - Chunk 21 of 215 saved for file VID_20250119_165036.mp4
2025-04-16 21:29:55,016 - __main__ - DEBUG - Received upload_chunk request
2025-04-16 21:29:55,023 - __main__ - DEBUG - Chunk 22 saved at C:\Users\wolfheluo\Documents\workspace\upload\chunked\1744810194383_8rnmek6fh9c_VID_20250119_165036.mp4\00022
2025-04-16 21:29:55,023 - __main__ - INFO - Chunk 22 of 215 saved for file VID_20250119_165036.mp4
2025-04-16 21:29:55,031 - __main__ - DEBUG - Received upload_chunk request
2025-04-16 21:29:55,041 - __main__ - DEBUG - Chunk 23 saved at C:\Users\wolfheluo\Documents\workspace\upload\chunked\1744810194383_8rnmek6fh9c_VID_20250119_165036.mp4\00023
2025-04-16 21:29:55,041 - __main__ - INFO - Chunk 23 of 215 saved for file VID_20250119_165036.mp4
2025-04-16 21:29:55,052 - __main__ - DEBUG - Received upload_chunk request
2025-04-16 21:29:55,058 - __main__ - DEBUG - Chunk 24 saved at C:\Users\wolfheluo\Documents\workspace\upload\chunked\1744810194383_8rnmek6fh9c_VID_20250119_165036.mp4\00024
2025-04-16 21:29:55,059 - __main__ - INFO - Chunk 24 of 215 saved for file VID_20250119_165036.mp4
2025-04-16 21:29:55,067 - __main__ - DEBUG - Received upload_chunk request
2025-04-16 21:29:55,078 - __main__ - DEBUG - Chunk 25 saved at C:\Users\wolfheluo\Documents\workspace\upload\chunked\1744810194383_8rnmek6fh9c_VID_20250119_165036.mp4\00025
2025-04-16 21:29:55,078 - __main__ - INFO - Chunk 25 of 215 saved for file VID_20250119_165036.mp4
2025-04-16 21:29:55,092 - __main__ - DEBUG - Received upload_chunk request
2025-04-16 21:29:55,099 - __main__ - DEBUG - Chunk 26 saved at C:\Users\wolfheluo\Documents\workspace\upload\chunked\1744810194383_8rnmek6fh9c_VID_20250119_165036.mp4\00026
2025-04-16 21:29:55,099 - __main__ - INFO - Chunk 26 of 215 saved for file VID_20250119_165036.mp4
2025-04-16 21:29:55,108 - __main__ - DEBUG - Received upload_chunk request
2025-04-16 21:29:55,113 - __main__ - DEBUG - Chunk 27 saved at C:\Users\wolfheluo\Documents\workspace\upload\chunked\1744810194383_8rnmek6fh9c_VID_20250119_165036.mp4\00027
2025-04-16 21:29:55,114 - __main__ - INFO - Chunk 27 of 215 saved for file VID_20250119_165036.mp4
2025-04-16 21:29:55,120 - __main__ - DEBUG - Received upload_chunk request
2025-04-16 21:29:55,127 - __main__ - DEBUG - Chunk 28 saved at C:\Users\wolfheluo\Documents\workspace\upload\chunked\1744810194383_8rnmek6fh9c_VID_20250119_165036.mp4\00028
2025-04-16 21:29:55,127 - __main__ - INFO - Chunk 28 of 215 saved for file VID_20250119_165036.mp4
2025-04-16 21:29:55,139 - __main__ - DEBUG - Received upload_chunk request
2025-04-16 21:29:55,146 - __main__ - DEBUG - Chunk 29 saved at C:\Users\wolfheluo\Documents\workspace\upload\chunked\1744810194383_8rnmek6fh9c_VID_20250119_165036.mp4\00029
2025-04-16 21:29:55,146 - __main__ - INFO - Chunk 29 of 215 saved for file VID_20250119_165036.mp4
2025-04-16 21:29:55,152 - __main__ - DEBUG - Received upload_chunk request
2025-04-16 21:29:55,158 - __main__ - DEBUG - Chunk 30 saved at C:\Users\wolfheluo\Documents\workspace\upload\chunked\1744810194383_8rnmek6fh9c_VID_20250119_165036.mp4\00030
2025-04-16 21:29:55,158 - __main__ - INFO - Chunk 30 of 215 saved for file VID_20250119_165036.mp4
2025-04-16 21:29:55,166 - __main__ - DEBUG - Received upload_chunk request
2025-04-16 21:29:55,171 - __main__ - DEBUG - Chunk 31 saved at C:\Users\wolfheluo\Documents\workspace\upload\chunked\1744810194383_8rnmek6fh9c_VID_20250119_165036.mp4\00031
2025-04-16 21:29:55,172 - __main__ - INFO - Chunk 31 of 215 saved for file VID_20250119_165036.mp4
2025-04-16 21:29:55,179 - __main__ - DEBUG - Received upload_chunk request
2025-04-16 21:29:55,186 - __main__ - DEBUG - Chunk 32 saved at C:\Users\wolfheluo\Documents\workspace\upload\chunked\1744810194383_8rnmek6fh9c_VID_20250119_165036.mp4\00032
2025-04-16 21:29:55,186 - __main__ - INFO - Chunk 32 of 215 saved for file VID_20250119_165036.mp4
2025-04-16 21:29:55,193 - __main__ - DEBUG - Received upload_chunk request
2025-04-16 21:29:55,200 - __main__ - DEBUG - Chunk 33 saved at C:\Users\wolfheluo\Documents\workspace\upload\chunked\1744810194383_8rnmek6fh9c_VID_20250119_165036.mp4\00033
2025-04-16 21:29:55,200 - __main__ - INFO - Chunk 33 of 215 saved for file VID_20250119_165036.mp4
2025-04-16 21:29:55,207 - __main__ - DEBUG - Received upload_chunk request
2025-04-16 21:29:55,213 - __main__ - DEBUG - Chunk 34 saved at C:\Users\wolfheluo\Documents\workspace\upload\chunked\1744810194383_8rnmek6fh9c_VID_20250119_165036.mp4\00034
2025-04-16 21:29:55,213 - __main__ - INFO - Chunk 34 of 215 saved for file VID_20250119_165036.mp4
2025-04-16 21:29:55,220 - __main__ - DEBUG - Received upload_chunk request
2025-04-16 21:29:55,226 - __main__ - DEBUG - Chunk 35 saved at C:\Users\wolfheluo\Documents\workspace\upload\chunked\1744810194383_8rnmek6fh9c_VID_20250119_165036.mp4\00035
2025-04-16 21:29:55,226 - __main__ - INFO - Chunk 35 of 215 saved for file VID_20250119_165036.mp4
2025-04-16 21:29:55,233 - __main__ - DEBUG - Received upload_chunk request
2025-04-16 21:29:55,239 - __main__ - DEBUG - Chunk 36 saved at C:\Users\wolfheluo\Documents\workspace\upload\chunked\1744810194383_8rnmek6fh9c_VID_20250119_165036.mp4\00036
2025-04-16 21:29:55,239 - __main__ - INFO - Chunk 36 of 215 saved for file VID_20250119_165036.mp4
2025-04-16 21:29:55,261 - __main__ - DEBUG - Received upload_chunk request
2025-04-16 21:29:55,268 - __main__ - DEBUG - Chunk 37 saved at C:\Users\wolfheluo\Documents\workspace\upload\chunked\1744810194383_8rnmek6fh9c_VID_20250119_165036.mp4\00037
2025-04-16 21:29:55,268 - __main__ - INFO - Chunk 37 of 215 saved for file VID_20250119_165036.mp4
2025-04-16 21:29:55,274 - __main__ - DEBUG - Received upload_chunk request
2025-04-16 21:29:55,280 - __main__ - DEBUG - Chunk 38 saved at C:\Users\wolfheluo\Documents\workspace\upload\chunked\1744810194383_8rnmek6fh9c_VID_20250119_165036.mp4\00038
2025-04-16 21:29:55,280 - __main__ - INFO - Chunk 38 of 215 saved for file VID_20250119_165036.mp4
2025-04-16 21:29:55,292 - __main__ - DEBUG - Received upload_chunk request
2025-04-16 21:29:55,298 - __main__ - DEBUG - Chunk 39 saved at C:\Users\wolfheluo\Documents\workspace\upload\chunked\1744810194383_8rnmek6fh9c_VID_20250119_165036.mp4\00039
2025-04-16 21:29:55,298 - __main__ - INFO - Chunk 39 of 215 saved for file VID_20250119_165036.mp4
2025-04-16 21:29:55,324 - __main__ - DEBUG - Received upload_chunk request
2025-04-16 21:29:55,330 - __main__ - DEBUG - Chunk 40 saved at C:\Users\wolfheluo\Documents\workspace\upload\chunked\1744810194383_8rnmek6fh9c_VID_20250119_165036.mp4\00040
2025-04-16 21:29:55,330 - __main__ - INFO - Chunk 40 of 215 saved for file VID_20250119_165036.mp4
2025-04-16 21:29:55,337 - __main__ - DEBUG - Received upload_chunk request
2025-04-16 21:29:55,342 - __main__ - DEBUG - Chunk 41 saved at C:\Users\wolfheluo\Documents\workspace\upload\chunked\1744810194383_8rnmek6fh9c_VID_20250119_165036.mp4\00041
2025-04-16 21:29:55,342 - __main__ - INFO - Chunk 41 of 215 saved for file VID_20250119_165036.mp4
2025-04-16 21:29:55,354 - __main__ - DEBUG - Received upload_chunk request
2025-04-16 21:29:55,361 - __main__ - DEBUG - Chunk 42 saved at C:\Users\wolfheluo\Documents\workspace\upload\chunked\1744810194383_8rnmek6fh9c_VID_20250119_165036.mp4\00042
2025-04-16 21:29:55,361 - __main__ - INFO - Chunk 42 of 215 saved for file VID_20250119_165036.mp4
2025-04-16 21:29:55,367 - __main__ - DEBUG - Received upload_chunk request
2025-04-16 21:29:55,373 - __main__ - DEBUG - Chunk 43 saved at C:\Users\wolfheluo\Documents\workspace\upload\chunked\1744810194383_8rnmek6fh9c_VID_20250119_165036.mp4\00043
2025-04-16 21:29:55,373 - __main__ - INFO - Chunk 43 of 215 saved for file VID_20250119_165036.mp4
2025-04-16 21:29:55,379 - __main__ - DEBUG - Received upload_chunk request
2025-04-16 21:29:55,385 - __main__ - DEBUG - Chunk 44 saved at C:\Users\wolfheluo\Documents\workspace\upload\chunked\1744810194383_8rnmek6fh9c_VID_20250119_165036.mp4\00044
2025-04-16 21:29:55,385 - __main__ - INFO - Chunk 44 of 215 saved for file VID_20250119_165036.mp4
2025-04-16 21:29:55,392 - __main__ - DEBUG - Received upload_chunk request
2025-04-16 21:29:55,398 - __main__ - DEBUG - Chunk 45 saved at C:\Users\wolfheluo\Documents\workspace\upload\chunked\1744810194383_8rnmek6fh9c_VID_20250119_165036.mp4\00045
2025-04-16 21:29:55,398 - __main__ - INFO - Chunk 45 of 215 saved for file VID_20250119_165036.mp4
2025-04-16 21:29:55,405 - __main__ - DEBUG - Received upload_chunk request
2025-04-16 21:29:55,410 - __main__ - DEBUG - Chunk 46 saved at C:\Users\wolfheluo\Documents\workspace\upload\chunked\1744810194383_8rnmek6fh9c_VID_20250119_165036.mp4\00046
2025-04-16 21:29:55,410 - __main__ - INFO - Chunk 46 of 215 saved for file VID_20250119_165036.mp4
2025-04-16 21:29:55,417 - __main__ - DEBUG - Received upload_chunk request
2025-04-16 21:29:55,422 - __main__ - DEBUG - Chunk 47 saved at C:\Users\wolfheluo\Documents\workspace\upload\chunked\1744810194383_8rnmek6fh9c_VID_20250119_165036.mp4\00047
2025-04-16 21:29:55,423 - __main__ - INFO - Chunk 47 of 215 saved for file VID_20250119_165036.mp4
2025-04-16 21:29:55,429 - __main__ - DEBUG - Received upload_chunk request
2025-04-16 21:29:55,434 - __main__ - DEBUG - Chunk 48 saved at C:\Users\wolfheluo\Documents\workspace\upload\chunked\1744810194383_8rnmek6fh9c_VID_20250119_165036.mp4\00048
2025-04-16 21:29:55,434 - __main__ - INFO - Chunk 48 of 215 saved for file VID_20250119_165036.mp4
2025-04-16 21:29:55,441 - __main__ - DEBUG - Received upload_chunk request
2025-04-16 21:29:55,446 - __main__ - DEBUG - Chunk 49 saved at C:\Users\wolfheluo\Documents\workspace\upload\chunked\1744810194383_8rnmek6fh9c_VID_20250119_165036.mp4\00049
2025-04-16 21:29:55,446 - __main__ - INFO - Chunk 49 of 215 saved for file VID_20250119_165036.mp4
2025-04-16 21:29:55,468 - __main__ - DEBUG - Received upload_chunk request
2025-04-16 21:29:55,483 - __main__ - DEBUG - Chunk 50 saved at C:\Users\wolfheluo\Documents\workspace\upload\chunked\1744810194383_8rnmek6fh9c_VID_20250119_165036.mp4\00050
2025-04-16 21:29:55,483 - __main__ - INFO - Chunk 50 of 215 saved for file VID_20250119_165036.mp4
2025-04-16 21:29:55,496 - __main__ - DEBUG - Received upload_chunk request
2025-04-16 21:29:55,503 - __main__ - DEBUG - Chunk 51 saved at C:\Users\wolfheluo\Documents\workspace\upload\chunked\1744810194383_8rnmek6fh9c_VID_20250119_165036.mp4\00051
2025-04-16 21:29:55,503 - __main__ - INFO - Chunk 51 of 215 saved for file VID_20250119_165036.mp4
2025-04-16 21:29:55,509 - __main__ - DEBUG - Received upload_chunk request
2025-04-16 21:29:55,514 - __main__ - DEBUG - Chunk 52 saved at C:\Users\wolfheluo\Documents\workspace\upload\chunked\1744810194383_8rnmek6fh9c_VID_20250119_165036.mp4\00052
2025-04-16 21:29:55,514 - __main__ - INFO - Chunk 52 of 215 saved for file VID_20250119_165036.mp4
2025-04-16 21:29:55,521 - __main__ - DEBUG - Received upload_chunk request
2025-04-16 21:29:55,526 - __main__ - DEBUG - Chunk 53 saved at C:\Users\wolfheluo\Documents\workspace\upload\chunked\1744810194383_8rnmek6fh9c_VID_20250119_165036.mp4\00053
2025-04-16 21:29:55,526 - __main__ - INFO - Chunk 53 of 215 saved for file VID_20250119_165036.mp4
2025-04-16 21:29:55,534 - __main__ - DEBUG - Received upload_chunk request
2025-04-16 21:29:55,540 - __main__ - DEBUG - Chunk 54 saved at C:\Users\wolfheluo\Documents\workspace\upload\chunked\1744810194383_8rnmek6fh9c_VID_20250119_165036.mp4\00054
2025-04-16 21:29:55,540 - __main__ - INFO - Chunk 54 of 215 saved for file VID_20250119_165036.mp4
2025-04-16 21:29:55,547 - __main__ - DEBUG - Received upload_chunk request
2025-04-16 21:29:55,552 - __main__ - DEBUG - Chunk 55 saved at C:\Users\wolfheluo\Documents\workspace\upload\chunked\1744810194383_8rnmek6fh9c_VID_20250119_165036.mp4\00055
2025-04-16 21:29:55,552 - __main__ - INFO - Chunk 55 of 215 saved for file VID_20250119_165036.mp4
2025-04-16 21:29:55,559 - __main__ - DEBUG - Received upload_chunk request
2025-04-16 21:29:55,566 - __main__ - DEBUG - Chunk 56 saved at C:\Users\wolfheluo\Documents\workspace\upload\chunked\1744810194383_8rnmek6fh9c_VID_20250119_165036.mp4\00056
2025-04-16 21:29:55,566 - __main__ - INFO - Chunk 56 of 215 saved for file VID_20250119_165036.mp4
2025-04-16 21:29:55,573 - __main__ - DEBUG - Received upload_chunk request
2025-04-16 21:29:55,581 - __main__ - DEBUG - Chunk 57 saved at C:\Users\wolfheluo\Documents\workspace\upload\chunked\1744810194383_8rnmek6fh9c_VID_20250119_165036.mp4\00057
2025-04-16 21:29:55,581 - __main__ - INFO - Chunk 57 of 215 saved for file VID_20250119_165036.mp4
2025-04-16 21:29:55,587 - __main__ - DEBUG - Received upload_chunk request
2025-04-16 21:29:55,594 - __main__ - DEBUG - Chunk 58 saved at C:\Users\wolfheluo\Documents\workspace\upload\chunked\1744810194383_8rnmek6fh9c_VID_20250119_165036.mp4\00058
2025-04-16 21:29:55,594 - __main__ - INFO - Chunk 58 of 215 saved for file VID_20250119_165036.mp4
2025-04-16 21:29:55,619 - __main__ - DEBUG - Received upload_chunk request
2025-04-16 21:29:55,627 - __main__ - DEBUG - Chunk 59 saved at C:\Users\wolfheluo\Documents\workspace\upload\chunked\1744810194383_8rnmek6fh9c_VID_20250119_165036.mp4\00059
2025-04-16 21:29:55,627 - __main__ - INFO - Chunk 59 of 215 saved for file VID_20250119_165036.mp4
2025-04-16 21:29:55,634 - __main__ - DEBUG - Received upload_chunk request
2025-04-16 21:29:55,640 - __main__ - DEBUG - Chunk 60 saved at C:\Users\wolfheluo\Documents\workspace\upload\chunked\1744810194383_8rnmek6fh9c_VID_20250119_165036.mp4\00060
2025-04-16 21:29:55,640 - __main__ - INFO - Chunk 60 of 215 saved for file VID_20250119_165036.mp4
2025-04-16 21:29:55,650 - __main__ - DEBUG - Received upload_chunk request
2025-04-16 21:29:55,656 - __main__ - DEBUG - Chunk 61 saved at C:\Users\wolfheluo\Documents\workspace\upload\chunked\1744810194383_8rnmek6fh9c_VID_20250119_165036.mp4\00061
2025-04-16 21:29:55,656 - __main__ - INFO - Chunk 61 of 215 saved for file VID_20250119_165036.mp4
2025-04-16 21:29:55,663 - __main__ - DEBUG - Received upload_chunk request
2025-04-16 21:29:55,671 - __main__ - DEBUG - Chunk 62 saved at C:\Users\wolfheluo\Documents\workspace\upload\chunked\1744810194383_8rnmek6fh9c_VID_20250119_165036.mp4\00062
2025-04-16 21:29:55,671 - __main__ - INFO - Chunk 62 of 215 saved for file VID_20250119_165036.mp4
2025-04-16 21:29:55,697 - __main__ - DEBUG - Received upload_chunk request
2025-04-16 21:29:55,704 - __main__ - DEBUG - Chunk 63 saved at C:\Users\wolfheluo\Documents\workspace\upload\chunked\1744810194383_8rnmek6fh9c_VID_20250119_165036.mp4\00063
2025-04-16 21:29:55,704 - __main__ - INFO - Chunk 63 of 215 saved for file VID_20250119_165036.mp4
2025-04-16 21:29:55,712 - __main__ - DEBUG - Received upload_chunk request
2025-04-16 21:29:55,717 - __main__ - DEBUG - Chunk 64 saved at C:\Users\wolfheluo\Documents\workspace\upload\chunked\1744810194383_8rnmek6fh9c_VID_20250119_165036.mp4\00064
2025-04-16 21:29:55,717 - __main__ - INFO - Chunk 64 of 215 saved for file VID_20250119_165036.mp4
2025-04-16 21:29:55,724 - __main__ - DEBUG - Received upload_chunk request
2025-04-16 21:29:55,730 - __main__ - DEBUG - Chunk 65 saved at C:\Users\wolfheluo\Documents\workspace\upload\chunked\1744810194383_8rnmek6fh9c_VID_20250119_165036.mp4\00065
2025-04-16 21:29:55,730 - __main__ - INFO - Chunk 65 of 215 saved for file VID_20250119_165036.mp4
2025-04-16 21:29:55,736 - __main__ - DEBUG - Received upload_chunk request
2025-04-16 21:29:55,742 - __main__ - DEBUG - Chunk 66 saved at C:\Users\wolfheluo\Documents\workspace\upload\chunked\1744810194383_8rnmek6fh9c_VID_20250119_165036.mp4\00066
2025-04-16 21:29:55,742 - __main__ - INFO - Chunk 66 of 215 saved for file VID_20250119_165036.mp4
2025-04-16 21:29:55,749 - __main__ - DEBUG - Received upload_chunk request
2025-04-16 21:29:55,754 - __main__ - DEBUG - Chunk 67 saved at C:\Users\wolfheluo\Documents\workspace\upload\chunked\1744810194383_8rnmek6fh9c_VID_20250119_165036.mp4\00067
2025-04-16 21:29:55,756 - __main__ - INFO - Chunk 67 of 215 saved for file VID_20250119_165036.mp4
2025-04-16 21:29:55,762 - __main__ - DEBUG - Received upload_chunk request
2025-04-16 21:29:55,767 - __main__ - DEBUG - Chunk 68 saved at C:\Users\wolfheluo\Documents\workspace\upload\chunked\1744810194383_8rnmek6fh9c_VID_20250119_165036.mp4\00068
2025-04-16 21:29:55,767 - __main__ - INFO - Chunk 68 of 215 saved for file VID_20250119_165036.mp4
2025-04-16 21:29:55,773 - __main__ - DEBUG - Received upload_chunk request
2025-04-16 21:29:55,779 - __main__ - DEBUG - Chunk 69 saved at C:\Users\wolfheluo\Documents\workspace\upload\chunked\1744810194383_8rnmek6fh9c_VID_20250119_165036.mp4\00069
2025-04-16 21:29:55,779 - __main__ - INFO - Chunk 69 of 215 saved for file VID_20250119_165036.mp4
2025-04-16 21:29:55,785 - __main__ - DEBUG - Received upload_chunk request
2025-04-16 21:29:55,791 - __main__ - DEBUG - Chunk 70 saved at C:\Users\wolfheluo\Documents\workspace\upload\chunked\1744810194383_8rnmek6fh9c_VID_20250119_165036.mp4\00070
2025-04-16 21:29:55,791 - __main__ - INFO - Chunk 70 of 215 saved for file VID_20250119_165036.mp4
2025-04-16 21:29:55,798 - __main__ - DEBUG - Received upload_chunk request
2025-04-16 21:29:55,804 - __main__ - DEBUG - Chunk 71 saved at C:\Users\wolfheluo\Documents\workspace\upload\chunked\1744810194383_8rnmek6fh9c_VID_20250119_165036.mp4\00071
2025-04-16 21:29:55,804 - __main__ - INFO - Chunk 71 of 215 saved for file VID_20250119_165036.mp4
2025-04-16 21:29:55,810 - __main__ - DEBUG - Received upload_chunk request
2025-04-16 21:29:55,816 - __main__ - DEBUG - Chunk 72 saved at C:\Users\wolfheluo\Documents\workspace\upload\chunked\1744810194383_8rnmek6fh9c_VID_20250119_165036.mp4\00072
2025-04-16 21:29:55,816 - __main__ - INFO - Chunk 72 of 215 saved for file VID_20250119_165036.mp4
2025-04-16 21:29:55,833 - __main__ - DEBUG - Received upload_chunk request
2025-04-16 21:29:55,839 - __main__ - DEBUG - Chunk 73 saved at C:\Users\wolfheluo\Documents\workspace\upload\chunked\1744810194383_8rnmek6fh9c_VID_20250119_165036.mp4\00073
2025-04-16 21:29:55,839 - __main__ - INFO - Chunk 73 of 215 saved for file VID_20250119_165036.mp4
2025-04-16 21:29:55,846 - __main__ - DEBUG - Received upload_chunk request
2025-04-16 21:29:55,852 - __main__ - DEBUG - Chunk 74 saved at C:\Users\wolfheluo\Documents\workspace\upload\chunked\1744810194383_8rnmek6fh9c_VID_20250119_165036.mp4\00074
2025-04-16 21:29:55,852 - __main__ - INFO - Chunk 74 of 215 saved for file VID_20250119_165036.mp4
2025-04-16 21:29:55,858 - __main__ - DEBUG - Received upload_chunk request
2025-04-16 21:29:55,865 - __main__ - DEBUG - Chunk 75 saved at C:\Users\wolfheluo\Documents\workspace\upload\chunked\1744810194383_8rnmek6fh9c_VID_20250119_165036.mp4\00075
2025-04-16 21:29:55,865 - __main__ - INFO - Chunk 75 of 215 saved for file VID_20250119_165036.mp4
2025-04-16 21:29:55,879 - __main__ - DEBUG - Received upload_chunk request
2025-04-16 21:29:55,885 - __main__ - DEBUG - Chunk 76 saved at C:\Users\wolfheluo\Documents\workspace\upload\chunked\1744810194383_8rnmek6fh9c_VID_20250119_165036.mp4\00076
2025-04-16 21:29:55,885 - __main__ - INFO - Chunk 76 of 215 saved for file VID_20250119_165036.mp4
2025-04-16 21:29:55,893 - __main__ - DEBUG - Received upload_chunk request
2025-04-16 21:29:55,900 - __main__ - DEBUG - Chunk 77 saved at C:\Users\wolfheluo\Documents\workspace\upload\chunked\1744810194383_8rnmek6fh9c_VID_20250119_165036.mp4\00077
2025-04-16 21:29:55,900 - __main__ - INFO - Chunk 77 of 215 saved for file VID_20250119_165036.mp4
2025-04-16 21:29:55,906 - __main__ - DEBUG - Received upload_chunk request
2025-04-16 21:29:55,912 - __main__ - DEBUG - Chunk 78 saved at C:\Users\wolfheluo\Documents\workspace\upload\chunked\1744810194383_8rnmek6fh9c_VID_20250119_165036.mp4\00078
2025-04-16 21:29:55,913 - __main__ - INFO - Chunk 78 of 215 saved for file VID_20250119_165036.mp4
2025-04-16 21:29:55,927 - __main__ - DEBUG - Received upload_chunk request
2025-04-16 21:29:55,934 - __main__ - DEBUG - Chunk 79 saved at C:\Users\wolfheluo\Documents\workspace\upload\chunked\1744810194383_8rnmek6fh9c_VID_20250119_165036.mp4\00079
2025-04-16 21:29:55,934 - __main__ - INFO - Chunk 79 of 215 saved for file VID_20250119_165036.mp4
2025-04-16 21:29:55,943 - __main__ - DEBUG - Received upload_chunk request
2025-04-16 21:29:55,950 - __main__ - DEBUG - Chunk 80 saved at C:\Users\wolfheluo\Documents\workspace\upload\chunked\1744810194383_8rnmek6fh9c_VID_20250119_165036.mp4\00080
2025-04-16 21:29:55,950 - __main__ - INFO - Chunk 80 of 215 saved for file VID_20250119_165036.mp4
2025-04-16 21:29:55,957 - __main__ - DEBUG - Received upload_chunk request
2025-04-16 21:29:55,962 - __main__ - DEBUG - Chunk 81 saved at C:\Users\wolfheluo\Documents\workspace\upload\chunked\1744810194383_8rnmek6fh9c_VID_20250119_165036.mp4\00081
2025-04-16 21:29:55,962 - __main__ - INFO - Chunk 81 of 215 saved for file VID_20250119_165036.mp4
2025-04-16 21:29:55,969 - __main__ - DEBUG - Received upload_chunk request
2025-04-16 21:29:55,975 - __main__ - DEBUG - Chunk 82 saved at C:\Users\wolfheluo\Documents\workspace\upload\chunked\1744810194383_8rnmek6fh9c_VID_20250119_165036.mp4\00082
2025-04-16 21:29:55,975 - __main__ - INFO - Chunk 82 of 215 saved for file VID_20250119_165036.mp4
2025-04-16 21:29:55,981 - __main__ - DEBUG - Received upload_chunk request
2025-04-16 21:29:55,988 - __main__ - DEBUG - Chunk 83 saved at C:\Users\wolfheluo\Documents\workspace\upload\chunked\1744810194383_8rnmek6fh9c_VID_20250119_165036.mp4\00083
2025-04-16 21:29:55,988 - __main__ - INFO - Chunk 83 of 215 saved for file VID_20250119_165036.mp4
2025-04-16 21:29:55,995 - __main__ - DEBUG - Received upload_chunk request
2025-04-16 21:29:56,001 - __main__ - DEBUG - Chunk 84 saved at C:\Users\wolfheluo\Documents\workspace\upload\chunked\1744810194383_8rnmek6fh9c_VID_20250119_165036.mp4\00084
2025-04-16 21:29:56,001 - __main__ - INFO - Chunk 84 of 215 saved for file VID_20250119_165036.mp4
2025-04-16 21:29:56,009 - __main__ - DEBUG - Received upload_chunk request
2025-04-16 21:29:56,014 - __main__ - DEBUG - Chunk 85 saved at C:\Users\wolfheluo\Documents\workspace\upload\chunked\1744810194383_8rnmek6fh9c_VID_20250119_165036.mp4\00085
2025-04-16 21:29:56,016 - __main__ - INFO - Chunk 85 of 215 saved for file VID_20250119_165036.mp4
2025-04-16 21:29:56,036 - __main__ - DEBUG - Received upload_chunk request
2025-04-16 21:29:56,044 - __main__ - DEBUG - Chunk 86 saved at C:\Users\wolfheluo\Documents\workspace\upload\chunked\1744810194383_8rnmek6fh9c_VID_20250119_165036.mp4\00086
2025-04-16 21:29:56,044 - __main__ - INFO - Chunk 86 of 215 saved for file VID_20250119_165036.mp4
2025-04-16 21:29:56,051 - __main__ - DEBUG - Received upload_chunk request
2025-04-16 21:29:56,057 - __main__ - DEBUG - Chunk 87 saved at C:\Users\wolfheluo\Documents\workspace\upload\chunked\1744810194383_8rnmek6fh9c_VID_20250119_165036.mp4\00087
2025-04-16 21:29:56,057 - __main__ - INFO - Chunk 87 of 215 saved for file VID_20250119_165036.mp4
2025-04-16 21:29:56,066 - __main__ - DEBUG - Received upload_chunk request
2025-04-16 21:29:56,072 - __main__ - DEBUG - Chunk 88 saved at C:\Users\wolfheluo\Documents\workspace\upload\chunked\1744810194383_8rnmek6fh9c_VID_20250119_165036.mp4\00088
2025-04-16 21:29:56,072 - __main__ - INFO - Chunk 88 of 215 saved for file VID_20250119_165036.mp4
2025-04-16 21:29:56,079 - __main__ - DEBUG - Received upload_chunk request
2025-04-16 21:29:56,085 - __main__ - DEBUG - Chunk 89 saved at C:\Users\wolfheluo\Documents\workspace\upload\chunked\1744810194383_8rnmek6fh9c_VID_20250119_165036.mp4\00089
2025-04-16 21:29:56,086 - __main__ - INFO - Chunk 89 of 215 saved for file VID_20250119_165036.mp4
2025-04-16 21:29:56,092 - __main__ - DEBUG - Received upload_chunk request
2025-04-16 21:29:56,099 - __main__ - DEBUG - Chunk 90 saved at C:\Users\wolfheluo\Documents\workspace\upload\chunked\1744810194383_8rnmek6fh9c_VID_20250119_165036.mp4\00090
2025-04-16 21:29:56,099 - __main__ - INFO - Chunk 90 of 215 saved for file VID_20250119_165036.mp4
2025-04-16 21:29:56,106 - __main__ - DEBUG - Received upload_chunk request
2025-04-16 21:29:56,111 - __main__ - DEBUG - Chunk 91 saved at C:\Users\wolfheluo\Documents\workspace\upload\chunked\1744810194383_8rnmek6fh9c_VID_20250119_165036.mp4\00091
2025-04-16 21:29:56,112 - __main__ - INFO - Chunk 91 of 215 saved for file VID_20250119_165036.mp4
2025-04-16 21:29:56,120 - __main__ - DEBUG - Received upload_chunk request
2025-04-16 21:29:56,127 - __main__ - DEBUG - Chunk 92 saved at C:\Users\wolfheluo\Documents\workspace\upload\chunked\1744810194383_8rnmek6fh9c_VID_20250119_165036.mp4\00092
2025-04-16 21:29:56,127 - __main__ - INFO - Chunk 92 of 215 saved for file VID_20250119_165036.mp4
2025-04-16 21:29:56,133 - __main__ - DEBUG - Received upload_chunk request
2025-04-16 21:29:56,141 - __main__ - DEBUG - Chunk 93 saved at C:\Users\wolfheluo\Documents\workspace\upload\chunked\1744810194383_8rnmek6fh9c_VID_20250119_165036.mp4\00093
2025-04-16 21:29:56,141 - __main__ - INFO - Chunk 93 of 215 saved for file VID_20250119_165036.mp4
2025-04-16 21:29:56,148 - __main__ - DEBUG - Received upload_chunk request
2025-04-16 21:29:56,154 - __main__ - DEBUG - Chunk 94 saved at C:\Users\wolfheluo\Documents\workspace\upload\chunked\1744810194383_8rnmek6fh9c_VID_20250119_165036.mp4\00094
2025-04-16 21:29:56,154 - __main__ - INFO - Chunk 94 of 215 saved for file VID_20250119_165036.mp4
2025-04-16 21:29:56,161 - __main__ - DEBUG - Received upload_chunk request
2025-04-16 21:29:56,168 - __main__ - DEBUG - Chunk 95 saved at C:\Users\wolfheluo\Documents\workspace\upload\chunked\1744810194383_8rnmek6fh9c_VID_20250119_165036.mp4\00095
2025-04-16 21:29:56,168 - __main__ - INFO - Chunk 95 of 215 saved for file VID_20250119_165036.mp4
2025-04-16 21:29:56,175 - __main__ - DEBUG - Received upload_chunk request
2025-04-16 21:29:56,181 - __main__ - DEBUG - Chunk 96 saved at C:\Users\wolfheluo\Documents\workspace\upload\chunked\1744810194383_8rnmek6fh9c_VID_20250119_165036.mp4\00096
2025-04-16 21:29:56,182 - __main__ - INFO - Chunk 96 of 215 saved for file VID_20250119_165036.mp4
2025-04-16 21:29:56,195 - __main__ - DEBUG - Received upload_chunk request
2025-04-16 21:29:56,201 - __main__ - DEBUG - Chunk 97 saved at C:\Users\wolfheluo\Documents\workspace\upload\chunked\1744810194383_8rnmek6fh9c_VID_20250119_165036.mp4\00097
2025-04-16 21:29:56,201 - __main__ - INFO - Chunk 97 of 215 saved for file VID_20250119_165036.mp4
2025-04-16 21:29:56,210 - __main__ - DEBUG - Received upload_chunk request
2025-04-16 21:29:56,218 - __main__ - DEBUG - Chunk 98 saved at C:\Users\wolfheluo\Documents\workspace\upload\chunked\1744810194383_8rnmek6fh9c_VID_20250119_165036.mp4\00098
2025-04-16 21:29:56,218 - __main__ - INFO - Chunk 98 of 215 saved for file VID_20250119_165036.mp4
2025-04-16 21:29:56,226 - __main__ - DEBUG - Received upload_chunk request
2025-04-16 21:29:56,232 - __main__ - DEBUG - Chunk 99 saved at C:\Users\wolfheluo\Documents\workspace\upload\chunked\1744810194383_8rnmek6fh9c_VID_20250119_165036.mp4\00099
2025-04-16 21:29:56,232 - __main__ - INFO - Chunk 99 of 215 saved for file VID_20250119_165036.mp4
2025-04-16 21:29:56,239 - __main__ - DEBUG - Received upload_chunk request
2025-04-16 21:29:56,244 - __main__ - DEBUG - Chunk 100 saved at C:\Users\wolfheluo\Documents\workspace\upload\chunked\1744810194383_8rnmek6fh9c_VID_20250119_165036.mp4\00100
2025-04-16 21:29:56,244 - __main__ - INFO - Chunk 100 of 215 saved for file VID_20250119_165036.mp4
2025-04-16 21:29:56,270 - __main__ - DEBUG - Received upload_chunk request
2025-04-16 21:29:56,277 - __main__ - DEBUG - Chunk 101 saved at C:\Users\wolfheluo\Documents\workspace\upload\chunked\1744810194383_8rnmek6fh9c_VID_20250119_165036.mp4\00101
2025-04-16 21:29:56,278 - __main__ - INFO - Chunk 101 of 215 saved for file VID_20250119_165036.mp4
2025-04-16 21:29:56,285 - __main__ - DEBUG - Received upload_chunk request
2025-04-16 21:29:56,290 - __main__ - DEBUG - Chunk 102 saved at C:\Users\wolfheluo\Documents\workspace\upload\chunked\1744810194383_8rnmek6fh9c_VID_20250119_165036.mp4\00102
2025-04-16 21:29:56,290 - __main__ - INFO - Chunk 102 of 215 saved for file VID_20250119_165036.mp4
2025-04-16 21:29:56,297 - __main__ - DEBUG - Received upload_chunk request
2025-04-16 21:29:56,303 - __main__ - DEBUG - Chunk 103 saved at C:\Users\wolfheluo\Documents\workspace\upload\chunked\1744810194383_8rnmek6fh9c_VID_20250119_165036.mp4\00103
2025-04-16 21:29:56,303 - __main__ - INFO - Chunk 103 of 215 saved for file VID_20250119_165036.mp4
2025-04-16 21:29:56,310 - __main__ - DEBUG - Received upload_chunk request
2025-04-16 21:29:56,317 - __main__ - DEBUG - Chunk 104 saved at C:\Users\wolfheluo\Documents\workspace\upload\chunked\1744810194383_8rnmek6fh9c_VID_20250119_165036.mp4\00104
2025-04-16 21:29:56,317 - __main__ - INFO - Chunk 104 of 215 saved for file VID_20250119_165036.mp4
2025-04-16 21:29:56,333 - __main__ - DEBUG - Received upload_chunk request
2025-04-16 21:29:56,340 - __main__ - DEBUG - Chunk 105 saved at C:\Users\wolfheluo\Documents\workspace\upload\chunked\1744810194383_8rnmek6fh9c_VID_20250119_165036.mp4\00105
2025-04-16 21:29:56,340 - __main__ - INFO - Chunk 105 of 215 saved for file VID_20250119_165036.mp4
2025-04-16 21:29:56,347 - __main__ - DEBUG - Received upload_chunk request
2025-04-16 21:29:56,352 - __main__ - DEBUG - Chunk 106 saved at C:\Users\wolfheluo\Documents\workspace\upload\chunked\1744810194383_8rnmek6fh9c_VID_20250119_165036.mp4\00106
2025-04-16 21:29:56,352 - __main__ - INFO - Chunk 106 of 215 saved for file VID_20250119_165036.mp4
2025-04-16 21:29:56,359 - __main__ - DEBUG - Received upload_chunk request
2025-04-16 21:29:56,366 - __main__ - DEBUG - Chunk 107 saved at C:\Users\wolfheluo\Documents\workspace\upload\chunked\1744810194383_8rnmek6fh9c_VID_20250119_165036.mp4\00107
2025-04-16 21:29:56,366 - __main__ - INFO - Chunk 107 of 215 saved for file VID_20250119_165036.mp4
2025-04-16 21:29:56,373 - __main__ - DEBUG - Received upload_chunk request
2025-04-16 21:29:56,379 - __main__ - DEBUG - Chunk 108 saved at C:\Users\wolfheluo\Documents\workspace\upload\chunked\1744810194383_8rnmek6fh9c_VID_20250119_165036.mp4\00108
2025-04-16 21:29:56,379 - __main__ - INFO - Chunk 108 of 215 saved for file VID_20250119_165036.mp4
2025-04-16 21:29:56,386 - __main__ - DEBUG - Received upload_chunk request
2025-04-16 21:29:56,392 - __main__ - DEBUG - Chunk 109 saved at C:\Users\wolfheluo\Documents\workspace\upload\chunked\1744810194383_8rnmek6fh9c_VID_20250119_165036.mp4\00109
2025-04-16 21:29:56,393 - __main__ - INFO - Chunk 109 of 215 saved for file VID_20250119_165036.mp4
2025-04-16 21:29:56,400 - __main__ - DEBUG - Received upload_chunk request
2025-04-16 21:29:56,405 - __main__ - DEBUG - Chunk 110 saved at C:\Users\wolfheluo\Documents\workspace\upload\chunked\1744810194383_8rnmek6fh9c_VID_20250119_165036.mp4\00110
2025-04-16 21:29:56,405 - __main__ - INFO - Chunk 110 of 215 saved for file VID_20250119_165036.mp4
2025-04-16 21:29:56,411 - __main__ - DEBUG - Received upload_chunk request
2025-04-16 21:29:56,416 - __main__ - DEBUG - Chunk 111 saved at C:\Users\wolfheluo\Documents\workspace\upload\chunked\1744810194383_8rnmek6fh9c_VID_20250119_165036.mp4\00111
2025-04-16 21:29:56,416 - __main__ - INFO - Chunk 111 of 215 saved for file VID_20250119_165036.mp4
2025-04-16 21:29:56,422 - __main__ - DEBUG - Received upload_chunk request
2025-04-16 21:29:56,427 - __main__ - DEBUG - Chunk 112 saved at C:\Users\wolfheluo\Documents\workspace\upload\chunked\1744810194383_8rnmek6fh9c_VID_20250119_165036.mp4\00112
2025-04-16 21:29:56,427 - __main__ - INFO - Chunk 112 of 215 saved for file VID_20250119_165036.mp4
2025-04-16 21:29:56,433 - __main__ - DEBUG - Received upload_chunk request
2025-04-16 21:29:56,440 - __main__ - DEBUG - Chunk 113 saved at C:\Users\wolfheluo\Documents\workspace\upload\chunked\1744810194383_8rnmek6fh9c_VID_20250119_165036.mp4\00113
2025-04-16 21:29:56,440 - __main__ - INFO - Chunk 113 of 215 saved for file VID_20250119_165036.mp4
2025-04-16 21:29:56,447 - __main__ - DEBUG - Received upload_chunk request
2025-04-16 21:29:56,467 - __main__ - DEBUG - Chunk 114 saved at C:\Users\wolfheluo\Documents\workspace\upload\chunked\1744810194383_8rnmek6fh9c_VID_20250119_165036.mp4\00114
2025-04-16 21:29:56,468 - __main__ - INFO - Chunk 114 of 215 saved for file VID_20250119_165036.mp4
2025-04-16 21:29:56,483 - __main__ - DEBUG - Received upload_chunk request
2025-04-16 21:29:56,491 - __main__ - DEBUG - Chunk 115 saved at C:\Users\wolfheluo\Documents\workspace\upload\chunked\1744810194383_8rnmek6fh9c_VID_20250119_165036.mp4\00115
2025-04-16 21:29:56,492 - __main__ - INFO - Chunk 115 of 215 saved for file VID_20250119_165036.mp4
2025-04-16 21:29:56,498 - __main__ - DEBUG - Received upload_chunk request
2025-04-16 21:29:56,504 - __main__ - DEBUG - Chunk 116 saved at C:\Users\wolfheluo\Documents\workspace\upload\chunked\1744810194383_8rnmek6fh9c_VID_20250119_165036.mp4\00116
2025-04-16 21:29:56,504 - __main__ - INFO - Chunk 116 of 215 saved for file VID_20250119_165036.mp4
2025-04-16 21:29:56,519 - __main__ - DEBUG - Received upload_chunk request
2025-04-16 21:29:56,524 - __main__ - DEBUG - Chunk 117 saved at C:\Users\wolfheluo\Documents\workspace\upload\chunked\1744810194383_8rnmek6fh9c_VID_20250119_165036.mp4\00117
2025-04-16 21:29:56,526 - __main__ - INFO - Chunk 117 of 215 saved for file VID_20250119_165036.mp4
2025-04-16 21:29:56,534 - __main__ - DEBUG - Received upload_chunk request
2025-04-16 21:29:56,541 - __main__ - DEBUG - Chunk 118 saved at C:\Users\wolfheluo\Documents\workspace\upload\chunked\1744810194383_8rnmek6fh9c_VID_20250119_165036.mp4\00118
2025-04-16 21:29:56,541 - __main__ - INFO - Chunk 118 of 215 saved for file VID_20250119_165036.mp4
2025-04-16 21:29:56,548 - __main__ - DEBUG - Received upload_chunk request
2025-04-16 21:29:56,555 - __main__ - DEBUG - Chunk 119 saved at C:\Users\wolfheluo\Documents\workspace\upload\chunked\1744810194383_8rnmek6fh9c_VID_20250119_165036.mp4\00119
2025-04-16 21:29:56,555 - __main__ - INFO - Chunk 119 of 215 saved for file VID_20250119_165036.mp4
2025-04-16 21:29:56,560 - __main__ - DEBUG - Received upload_chunk request
2025-04-16 21:29:56,568 - __main__ - DEBUG - Chunk 120 saved at C:\Users\wolfheluo\Documents\workspace\upload\chunked\1744810194383_8rnmek6fh9c_VID_20250119_165036.mp4\00120
2025-04-16 21:29:56,568 - __main__ - INFO - Chunk 120 of 215 saved for file VID_20250119_165036.mp4
2025-04-16 21:29:56,576 - __main__ - DEBUG - Received upload_chunk request
2025-04-16 21:29:56,582 - __main__ - DEBUG - Chunk 121 saved at C:\Users\wolfheluo\Documents\workspace\upload\chunked\1744810194383_8rnmek6fh9c_VID_20250119_165036.mp4\00121
2025-04-16 21:29:56,582 - __main__ - INFO - Chunk 121 of 215 saved for file VID_20250119_165036.mp4
2025-04-16 21:29:56,589 - __main__ - DEBUG - Received upload_chunk request
2025-04-16 21:29:56,594 - __main__ - DEBUG - Chunk 122 saved at C:\Users\wolfheluo\Documents\workspace\upload\chunked\1744810194383_8rnmek6fh9c_VID_20250119_165036.mp4\00122
2025-04-16 21:29:56,596 - __main__ - INFO - Chunk 122 of 215 saved for file VID_20250119_165036.mp4
2025-04-16 21:29:56,612 - __main__ - DEBUG - Received upload_chunk request
2025-04-16 21:29:56,618 - __main__ - DEBUG - Chunk 123 saved at C:\Users\wolfheluo\Documents\workspace\upload\chunked\1744810194383_8rnmek6fh9c_VID_20250119_165036.mp4\00123
2025-04-16 21:29:56,619 - __main__ - INFO - Chunk 123 of 215 saved for file VID_20250119_165036.mp4
2025-04-16 21:29:56,626 - __main__ - DEBUG - Received upload_chunk request
2025-04-16 21:29:56,633 - __main__ - DEBUG - Chunk 124 saved at C:\Users\wolfheluo\Documents\workspace\upload\chunked\1744810194383_8rnmek6fh9c_VID_20250119_165036.mp4\00124
2025-04-16 21:29:56,633 - __main__ - INFO - Chunk 124 of 215 saved for file VID_20250119_165036.mp4
2025-04-16 21:29:56,640 - __main__ - DEBUG - Received upload_chunk request
2025-04-16 21:29:56,646 - __main__ - DEBUG - Chunk 125 saved at C:\Users\wolfheluo\Documents\workspace\upload\chunked\1744810194383_8rnmek6fh9c_VID_20250119_165036.mp4\00125
2025-04-16 21:29:56,646 - __main__ - INFO - Chunk 125 of 215 saved for file VID_20250119_165036.mp4
2025-04-16 21:29:56,653 - __main__ - DEBUG - Received upload_chunk request
2025-04-16 21:29:56,660 - __main__ - DEBUG - Chunk 126 saved at C:\Users\wolfheluo\Documents\workspace\upload\chunked\1744810194383_8rnmek6fh9c_VID_20250119_165036.mp4\00126
2025-04-16 21:29:56,661 - __main__ - INFO - Chunk 126 of 215 saved for file VID_20250119_165036.mp4
2025-04-16 21:29:56,669 - __main__ - DEBUG - Received upload_chunk request
2025-04-16 21:29:56,674 - __main__ - DEBUG - Chunk 127 saved at C:\Users\wolfheluo\Documents\workspace\upload\chunked\1744810194383_8rnmek6fh9c_VID_20250119_165036.mp4\00127
2025-04-16 21:29:56,674 - __main__ - INFO - Chunk 127 of 215 saved for file VID_20250119_165036.mp4
2025-04-16 21:29:56,683 - __main__ - DEBUG - Received upload_chunk request
2025-04-16 21:29:56,689 - __main__ - DEBUG - Chunk 128 saved at C:\Users\wolfheluo\Documents\workspace\upload\chunked\1744810194383_8rnmek6fh9c_VID_20250119_165036.mp4\00128
2025-04-16 21:29:56,689 - __main__ - INFO - Chunk 128 of 215 saved for file VID_20250119_165036.mp4
2025-04-16 21:29:56,697 - __main__ - DEBUG - Received upload_chunk request
2025-04-16 21:29:56,704 - __main__ - DEBUG - Chunk 129 saved at C:\Users\wolfheluo\Documents\workspace\upload\chunked\1744810194383_8rnmek6fh9c_VID_20250119_165036.mp4\00129
2025-04-16 21:29:56,704 - __main__ - INFO - Chunk 129 of 215 saved for file VID_20250119_165036.mp4
2025-04-16 21:29:56,711 - __main__ - DEBUG - Received upload_chunk request
2025-04-16 21:29:56,718 - __main__ - DEBUG - Chunk 130 saved at C:\Users\wolfheluo\Documents\workspace\upload\chunked\1744810194383_8rnmek6fh9c_VID_20250119_165036.mp4\00130
2025-04-16 21:29:56,719 - __main__ - INFO - Chunk 130 of 215 saved for file VID_20250119_165036.mp4
2025-04-16 21:29:56,727 - __main__ - DEBUG - Received upload_chunk request
2025-04-16 21:29:56,734 - __main__ - DEBUG - Chunk 131 saved at C:\Users\wolfheluo\Documents\workspace\upload\chunked\1744810194383_8rnmek6fh9c_VID_20250119_165036.mp4\00131
2025-04-16 21:29:56,734 - __main__ - INFO - Chunk 131 of 215 saved for file VID_20250119_165036.mp4
2025-04-16 21:29:56,742 - __main__ - DEBUG - Received upload_chunk request
2025-04-16 21:29:56,749 - __main__ - DEBUG - Chunk 132 saved at C:\Users\wolfheluo\Documents\workspace\upload\chunked\1744810194383_8rnmek6fh9c_VID_20250119_165036.mp4\00132
2025-04-16 21:29:56,749 - __main__ - INFO - Chunk 132 of 215 saved for file VID_20250119_165036.mp4
2025-04-16 21:29:56,767 - __main__ - DEBUG - Received upload_chunk request
2025-04-16 21:29:56,774 - __main__ - DEBUG - Chunk 133 saved at C:\Users\wolfheluo\Documents\workspace\upload\chunked\1744810194383_8rnmek6fh9c_VID_20250119_165036.mp4\00133
2025-04-16 21:29:56,774 - __main__ - INFO - Chunk 133 of 215 saved for file VID_20250119_165036.mp4
2025-04-16 21:29:56,780 - __main__ - DEBUG - Received upload_chunk request
2025-04-16 21:29:56,786 - __main__ - DEBUG - Chunk 134 saved at C:\Users\wolfheluo\Documents\workspace\upload\chunked\1744810194383_8rnmek6fh9c_VID_20250119_165036.mp4\00134
2025-04-16 21:29:56,786 - __main__ - INFO - Chunk 134 of 215 saved for file VID_20250119_165036.mp4
2025-04-16 21:29:56,792 - __main__ - DEBUG - Received upload_chunk request
2025-04-16 21:29:56,799 - __main__ - DEBUG - Chunk 135 saved at C:\Users\wolfheluo\Documents\workspace\upload\chunked\1744810194383_8rnmek6fh9c_VID_20250119_165036.mp4\00135
2025-04-16 21:29:56,800 - __main__ - INFO - Chunk 135 of 215 saved for file VID_20250119_165036.mp4
2025-04-16 21:29:56,806 - __main__ - DEBUG - Received upload_chunk request
2025-04-16 21:29:56,813 - __main__ - DEBUG - Chunk 136 saved at C:\Users\wolfheluo\Documents\workspace\upload\chunked\1744810194383_8rnmek6fh9c_VID_20250119_165036.mp4\00136
2025-04-16 21:29:56,813 - __main__ - INFO - Chunk 136 of 215 saved for file VID_20250119_165036.mp4
2025-04-16 21:29:56,821 - __main__ - DEBUG - Received upload_chunk request
2025-04-16 21:29:56,828 - __main__ - DEBUG - Chunk 137 saved at C:\Users\wolfheluo\Documents\workspace\upload\chunked\1744810194383_8rnmek6fh9c_VID_20250119_165036.mp4\00137
2025-04-16 21:29:56,828 - __main__ - INFO - Chunk 137 of 215 saved for file VID_20250119_165036.mp4
2025-04-16 21:29:56,836 - __main__ - DEBUG - Received upload_chunk request
2025-04-16 21:29:56,861 - __main__ - DEBUG - Chunk 138 saved at C:\Users\wolfheluo\Documents\workspace\upload\chunked\1744810194383_8rnmek6fh9c_VID_20250119_165036.mp4\00138
2025-04-16 21:29:56,861 - __main__ - INFO - Chunk 138 of 215 saved for file VID_20250119_165036.mp4
2025-04-16 21:29:56,870 - __main__ - DEBUG - Received upload_chunk request
2025-04-16 21:29:56,880 - __main__ - DEBUG - Chunk 139 saved at C:\Users\wolfheluo\Documents\workspace\upload\chunked\1744810194383_8rnmek6fh9c_VID_20250119_165036.mp4\00139
2025-04-16 21:29:56,880 - __main__ - INFO - Chunk 139 of 215 saved for file VID_20250119_165036.mp4
2025-04-16 21:29:56,889 - __main__ - DEBUG - Received upload_chunk request
2025-04-16 21:29:56,896 - __main__ - DEBUG - Chunk 140 saved at C:\Users\wolfheluo\Documents\workspace\upload\chunked\1744810194383_8rnmek6fh9c_VID_20250119_165036.mp4\00140
2025-04-16 21:29:56,896 - __main__ - INFO - Chunk 140 of 215 saved for file VID_20250119_165036.mp4
2025-04-16 21:29:56,908 - __main__ - DEBUG - Received upload_chunk request
2025-04-16 21:29:56,916 - __main__ - DEBUG - Chunk 141 saved at C:\Users\wolfheluo\Documents\workspace\upload\chunked\1744810194383_8rnmek6fh9c_VID_20250119_165036.mp4\00141
2025-04-16 21:29:56,917 - __main__ - INFO - Chunk 141 of 215 saved for file VID_20250119_165036.mp4
2025-04-16 21:29:56,926 - __main__ - DEBUG - Received upload_chunk request
2025-04-16 21:29:56,941 - __main__ - DEBUG - Chunk 142 saved at C:\Users\wolfheluo\Documents\workspace\upload\chunked\1744810194383_8rnmek6fh9c_VID_20250119_165036.mp4\00142
2025-04-16 21:29:56,941 - __main__ - INFO - Chunk 142 of 215 saved for file VID_20250119_165036.mp4
2025-04-16 21:29:56,948 - __main__ - DEBUG - Received upload_chunk request
2025-04-16 21:29:56,970 - __main__ - DEBUG - Chunk 143 saved at C:\Users\wolfheluo\Documents\workspace\upload\chunked\1744810194383_8rnmek6fh9c_VID_20250119_165036.mp4\00143
2025-04-16 21:29:56,970 - __main__ - INFO - Chunk 143 of 215 saved for file VID_20250119_165036.mp4
2025-04-16 21:29:56,977 - __main__ - DEBUG - Received upload_chunk request
2025-04-16 21:29:56,983 - __main__ - DEBUG - Chunk 144 saved at C:\Users\wolfheluo\Documents\workspace\upload\chunked\1744810194383_8rnmek6fh9c_VID_20250119_165036.mp4\00144
2025-04-16 21:29:56,983 - __main__ - INFO - Chunk 144 of 215 saved for file VID_20250119_165036.mp4
2025-04-16 21:29:56,990 - __main__ - DEBUG - Received upload_chunk request
2025-04-16 21:29:56,997 - __main__ - DEBUG - Chunk 145 saved at C:\Users\wolfheluo\Documents\workspace\upload\chunked\1744810194383_8rnmek6fh9c_VID_20250119_165036.mp4\00145
2025-04-16 21:29:56,997 - __main__ - INFO - Chunk 145 of 215 saved for file VID_20250119_165036.mp4
2025-04-16 21:29:57,003 - __main__ - DEBUG - Received upload_chunk request
2025-04-16 21:29:57,009 - __main__ - DEBUG - Chunk 146 saved at C:\Users\wolfheluo\Documents\workspace\upload\chunked\1744810194383_8rnmek6fh9c_VID_20250119_165036.mp4\00146
2025-04-16 21:29:57,009 - __main__ - INFO - Chunk 146 of 215 saved for file VID_20250119_165036.mp4
2025-04-16 21:29:57,017 - __main__ - DEBUG - Received upload_chunk request
2025-04-16 21:29:57,024 - __main__ - DEBUG - Chunk 147 saved at C:\Users\wolfheluo\Documents\workspace\upload\chunked\1744810194383_8rnmek6fh9c_VID_20250119_165036.mp4\00147
2025-04-16 21:29:57,024 - __main__ - INFO - Chunk 147 of 215 saved for file VID_20250119_165036.mp4
2025-04-16 21:29:57,030 - __main__ - DEBUG - Received upload_chunk request
2025-04-16 21:29:57,037 - __main__ - DEBUG - Chunk 148 saved at C:\Users\wolfheluo\Documents\workspace\upload\chunked\1744810194383_8rnmek6fh9c_VID_20250119_165036.mp4\00148
2025-04-16 21:29:57,037 - __main__ - INFO - Chunk 148 of 215 saved for file VID_20250119_165036.mp4
2025-04-16 21:29:57,044 - __main__ - DEBUG - Received upload_chunk request
2025-04-16 21:29:57,050 - __main__ - DEBUG - Chunk 149 saved at C:\Users\wolfheluo\Documents\workspace\upload\chunked\1744810194383_8rnmek6fh9c_VID_20250119_165036.mp4\00149
2025-04-16 21:29:57,050 - __main__ - INFO - Chunk 149 of 215 saved for file VID_20250119_165036.mp4
2025-04-16 21:29:57,062 - __main__ - DEBUG - Received upload_chunk request
2025-04-16 21:29:57,069 - __main__ - DEBUG - Chunk 150 saved at C:\Users\wolfheluo\Documents\workspace\upload\chunked\1744810194383_8rnmek6fh9c_VID_20250119_165036.mp4\00150
2025-04-16 21:29:57,069 - __main__ - INFO - Chunk 150 of 215 saved for file VID_20250119_165036.mp4
2025-04-16 21:29:57,076 - __main__ - DEBUG - Received upload_chunk request
2025-04-16 21:29:57,082 - __main__ - DEBUG - Chunk 151 saved at C:\Users\wolfheluo\Documents\workspace\upload\chunked\1744810194383_8rnmek6fh9c_VID_20250119_165036.mp4\00151
2025-04-16 21:29:57,083 - __main__ - INFO - Chunk 151 of 215 saved for file VID_20250119_165036.mp4
2025-04-16 21:29:57,090 - __main__ - DEBUG - Received upload_chunk request
2025-04-16 21:29:57,097 - __main__ - DEBUG - Chunk 152 saved at C:\Users\wolfheluo\Documents\workspace\upload\chunked\1744810194383_8rnmek6fh9c_VID_20250119_165036.mp4\00152
2025-04-16 21:29:57,097 - __main__ - INFO - Chunk 152 of 215 saved for file VID_20250119_165036.mp4
2025-04-16 21:29:57,104 - __main__ - DEBUG - Received upload_chunk request
2025-04-16 21:29:57,110 - __main__ - DEBUG - Chunk 153 saved at C:\Users\wolfheluo\Documents\workspace\upload\chunked\1744810194383_8rnmek6fh9c_VID_20250119_165036.mp4\00153
2025-04-16 21:29:57,110 - __main__ - INFO - Chunk 153 of 215 saved for file VID_20250119_165036.mp4
2025-04-16 21:29:57,119 - __main__ - DEBUG - Received upload_chunk request
2025-04-16 21:29:57,126 - __main__ - DEBUG - Chunk 154 saved at C:\Users\wolfheluo\Documents\workspace\upload\chunked\1744810194383_8rnmek6fh9c_VID_20250119_165036.mp4\00154
2025-04-16 21:29:57,126 - __main__ - INFO - Chunk 154 of 215 saved for file VID_20250119_165036.mp4
2025-04-16 21:29:57,139 - __main__ - DEBUG - Received upload_chunk request
2025-04-16 21:29:57,145 - __main__ - DEBUG - Chunk 155 saved at C:\Users\wolfheluo\Documents\workspace\upload\chunked\1744810194383_8rnmek6fh9c_VID_20250119_165036.mp4\00155
2025-04-16 21:29:57,145 - __main__ - INFO - Chunk 155 of 215 saved for file VID_20250119_165036.mp4
2025-04-16 21:29:57,152 - __main__ - DEBUG - Received upload_chunk request
2025-04-16 21:29:57,158 - __main__ - DEBUG - Chunk 156 saved at C:\Users\wolfheluo\Documents\workspace\upload\chunked\1744810194383_8rnmek6fh9c_VID_20250119_165036.mp4\00156
2025-04-16 21:29:57,158 - __main__ - INFO - Chunk 156 of 215 saved for file VID_20250119_165036.mp4
2025-04-16 21:29:57,166 - __main__ - DEBUG - Received upload_chunk request
2025-04-16 21:29:57,172 - __main__ - DEBUG - Chunk 157 saved at C:\Users\wolfheluo\Documents\workspace\upload\chunked\1744810194383_8rnmek6fh9c_VID_20250119_165036.mp4\00157
2025-04-16 21:29:57,172 - __main__ - INFO - Chunk 157 of 215 saved for file VID_20250119_165036.mp4
2025-04-16 21:29:57,179 - __main__ - DEBUG - Received upload_chunk request
2025-04-16 21:29:57,184 - __main__ - DEBUG - Chunk 158 saved at C:\Users\wolfheluo\Documents\workspace\upload\chunked\1744810194383_8rnmek6fh9c_VID_20250119_165036.mp4\00158
2025-04-16 21:29:57,186 - __main__ - INFO - Chunk 158 of 215 saved for file VID_20250119_165036.mp4
2025-04-16 21:29:57,194 - __main__ - DEBUG - Received upload_chunk request
2025-04-16 21:29:57,200 - __main__ - DEBUG - Chunk 159 saved at C:\Users\wolfheluo\Documents\workspace\upload\chunked\1744810194383_8rnmek6fh9c_VID_20250119_165036.mp4\00159
2025-04-16 21:29:57,200 - __main__ - INFO - Chunk 159 of 215 saved for file VID_20250119_165036.mp4
2025-04-16 21:29:57,207 - __main__ - DEBUG - Received upload_chunk request
2025-04-16 21:29:57,214 - __main__ - DEBUG - Chunk 160 saved at C:\Users\wolfheluo\Documents\workspace\upload\chunked\1744810194383_8rnmek6fh9c_VID_20250119_165036.mp4\00160
2025-04-16 21:29:57,214 - __main__ - INFO - Chunk 160 of 215 saved for file VID_20250119_165036.mp4
2025-04-16 21:29:57,221 - __main__ - DEBUG - Received upload_chunk request
2025-04-16 21:29:57,227 - __main__ - DEBUG - Chunk 161 saved at C:\Users\wolfheluo\Documents\workspace\upload\chunked\1744810194383_8rnmek6fh9c_VID_20250119_165036.mp4\00161
2025-04-16 21:29:57,228 - __main__ - INFO - Chunk 161 of 215 saved for file VID_20250119_165036.mp4
2025-04-16 21:29:57,236 - __main__ - DEBUG - Received upload_chunk request
2025-04-16 21:29:57,242 - __main__ - DEBUG - Chunk 162 saved at C:\Users\wolfheluo\Documents\workspace\upload\chunked\1744810194383_8rnmek6fh9c_VID_20250119_165036.mp4\00162
2025-04-16 21:29:57,242 - __main__ - INFO - Chunk 162 of 215 saved for file VID_20250119_165036.mp4
2025-04-16 21:29:57,249 - __main__ - DEBUG - Received upload_chunk request
2025-04-16 21:29:57,255 - __main__ - DEBUG - Chunk 163 saved at C:\Users\wolfheluo\Documents\workspace\upload\chunked\1744810194383_8rnmek6fh9c_VID_20250119_165036.mp4\00163
2025-04-16 21:29:57,255 - __main__ - INFO - Chunk 163 of 215 saved for file VID_20250119_165036.mp4
2025-04-16 21:29:57,263 - __main__ - DEBUG - Received upload_chunk request
2025-04-16 21:29:57,271 - __main__ - DEBUG - Chunk 164 saved at C:\Users\wolfheluo\Documents\workspace\upload\chunked\1744810194383_8rnmek6fh9c_VID_20250119_165036.mp4\00164
2025-04-16 21:29:57,271 - __main__ - INFO - Chunk 164 of 215 saved for file VID_20250119_165036.mp4
2025-04-16 21:29:57,293 - __main__ - DEBUG - Received upload_chunk request
2025-04-16 21:29:57,299 - __main__ - DEBUG - Chunk 165 saved at C:\Users\wolfheluo\Documents\workspace\upload\chunked\1744810194383_8rnmek6fh9c_VID_20250119_165036.mp4\00165
2025-04-16 21:29:57,300 - __main__ - INFO - Chunk 165 of 215 saved for file VID_20250119_165036.mp4
2025-04-16 21:29:57,307 - __main__ - DEBUG - Received upload_chunk request
2025-04-16 21:29:57,313 - __main__ - DEBUG - Chunk 166 saved at C:\Users\wolfheluo\Documents\workspace\upload\chunked\1744810194383_8rnmek6fh9c_VID_20250119_165036.mp4\00166
2025-04-16 21:29:57,314 - __main__ - INFO - Chunk 166 of 215 saved for file VID_20250119_165036.mp4
2025-04-16 21:29:57,326 - __main__ - DEBUG - Received upload_chunk request
2025-04-16 21:29:57,331 - __main__ - DEBUG - Chunk 167 saved at C:\Users\wolfheluo\Documents\workspace\upload\chunked\1744810194383_8rnmek6fh9c_VID_20250119_165036.mp4\00167
2025-04-16 21:29:57,331 - __main__ - INFO - Chunk 167 of 215 saved for file VID_20250119_165036.mp4
2025-04-16 21:29:57,338 - __main__ - DEBUG - Received upload_chunk request
2025-04-16 21:29:57,345 - __main__ - DEBUG - Chunk 168 saved at C:\Users\wolfheluo\Documents\workspace\upload\chunked\1744810194383_8rnmek6fh9c_VID_20250119_165036.mp4\00168
2025-04-16 21:29:57,345 - __main__ - INFO - Chunk 168 of 215 saved for file VID_20250119_165036.mp4
2025-04-16 21:29:57,356 - __main__ - DEBUG - Received upload_chunk request
2025-04-16 21:29:57,363 - __main__ - DEBUG - Chunk 169 saved at C:\Users\wolfheluo\Documents\workspace\upload\chunked\1744810194383_8rnmek6fh9c_VID_20250119_165036.mp4\00169
2025-04-16 21:29:57,363 - __main__ - INFO - Chunk 169 of 215 saved for file VID_20250119_165036.mp4
2025-04-16 21:29:57,370 - __main__ - DEBUG - Received upload_chunk request
2025-04-16 21:29:57,375 - __main__ - DEBUG - Chunk 170 saved at C:\Users\wolfheluo\Documents\workspace\upload\chunked\1744810194383_8rnmek6fh9c_VID_20250119_165036.mp4\00170
2025-04-16 21:29:57,376 - __main__ - INFO - Chunk 170 of 215 saved for file VID_20250119_165036.mp4
2025-04-16 21:29:57,382 - __main__ - DEBUG - Received upload_chunk request
2025-04-16 21:29:57,388 - __main__ - DEBUG - Chunk 171 saved at C:\Users\wolfheluo\Documents\workspace\upload\chunked\1744810194383_8rnmek6fh9c_VID_20250119_165036.mp4\00171
2025-04-16 21:29:57,388 - __main__ - INFO - Chunk 171 of 215 saved for file VID_20250119_165036.mp4
2025-04-16 21:29:57,394 - __main__ - DEBUG - Received upload_chunk request
2025-04-16 21:29:57,401 - __main__ - DEBUG - Chunk 172 saved at C:\Users\wolfheluo\Documents\workspace\upload\chunked\1744810194383_8rnmek6fh9c_VID_20250119_165036.mp4\00172
2025-04-16 21:29:57,401 - __main__ - INFO - Chunk 172 of 215 saved for file VID_20250119_165036.mp4
2025-04-16 21:29:57,407 - __main__ - DEBUG - Received upload_chunk request
2025-04-16 21:29:57,414 - __main__ - DEBUG - Chunk 173 saved at C:\Users\wolfheluo\Documents\workspace\upload\chunked\1744810194383_8rnmek6fh9c_VID_20250119_165036.mp4\00173
2025-04-16 21:29:57,414 - __main__ - INFO - Chunk 173 of 215 saved for file VID_20250119_165036.mp4
2025-04-16 21:29:57,421 - __main__ - DEBUG - Received upload_chunk request
2025-04-16 21:29:57,428 - __main__ - DEBUG - Chunk 174 saved at C:\Users\wolfheluo\Documents\workspace\upload\chunked\1744810194383_8rnmek6fh9c_VID_20250119_165036.mp4\00174
2025-04-16 21:29:57,428 - __main__ - INFO - Chunk 174 of 215 saved for file VID_20250119_165036.mp4
2025-04-16 21:29:57,434 - __main__ - DEBUG - Received upload_chunk request
2025-04-16 21:29:57,440 - __main__ - DEBUG - Chunk 175 saved at C:\Users\wolfheluo\Documents\workspace\upload\chunked\1744810194383_8rnmek6fh9c_VID_20250119_165036.mp4\00175
2025-04-16 21:29:57,440 - __main__ - INFO - Chunk 175 of 215 saved for file VID_20250119_165036.mp4
2025-04-16 21:29:57,447 - __main__ - DEBUG - Received upload_chunk request
2025-04-16 21:29:57,474 - __main__ - DEBUG - Chunk 176 saved at C:\Users\wolfheluo\Documents\workspace\upload\chunked\1744810194383_8rnmek6fh9c_VID_20250119_165036.mp4\00176
2025-04-16 21:29:57,474 - __main__ - INFO - Chunk 176 of 215 saved for file VID_20250119_165036.mp4
2025-04-16 21:29:57,492 - __main__ - DEBUG - Received upload_chunk request
2025-04-16 21:29:57,500 - __main__ - DEBUG - Chunk 177 saved at C:\Users\wolfheluo\Documents\workspace\upload\chunked\1744810194383_8rnmek6fh9c_VID_20250119_165036.mp4\00177
2025-04-16 21:29:57,500 - __main__ - INFO - Chunk 177 of 215 saved for file VID_20250119_165036.mp4
2025-04-16 21:29:57,508 - __main__ - DEBUG - Received upload_chunk request
2025-04-16 21:29:57,514 - __main__ - DEBUG - Chunk 178 saved at C:\Users\wolfheluo\Documents\workspace\upload\chunked\1744810194383_8rnmek6fh9c_VID_20250119_165036.mp4\00178
2025-04-16 21:29:57,514 - __main__ - INFO - Chunk 178 of 215 saved for file VID_20250119_165036.mp4
2025-04-16 21:29:57,521 - __main__ - DEBUG - Received upload_chunk request
2025-04-16 21:29:57,527 - __main__ - DEBUG - Chunk 179 saved at C:\Users\wolfheluo\Documents\workspace\upload\chunked\1744810194383_8rnmek6fh9c_VID_20250119_165036.mp4\00179
2025-04-16 21:29:57,527 - __main__ - INFO - Chunk 179 of 215 saved for file VID_20250119_165036.mp4
2025-04-16 21:29:57,534 - __main__ - DEBUG - Received upload_chunk request
2025-04-16 21:29:57,541 - __main__ - DEBUG - Chunk 180 saved at C:\Users\wolfheluo\Documents\workspace\upload\chunked\1744810194383_8rnmek6fh9c_VID_20250119_165036.mp4\00180
2025-04-16 21:29:57,541 - __main__ - INFO - Chunk 180 of 215 saved for file VID_20250119_165036.mp4
2025-04-16 21:29:57,548 - __main__ - DEBUG - Received upload_chunk request
2025-04-16 21:29:57,554 - __main__ - DEBUG - Chunk 181 saved at C:\Users\wolfheluo\Documents\workspace\upload\chunked\1744810194383_8rnmek6fh9c_VID_20250119_165036.mp4\00181
2025-04-16 21:29:57,554 - __main__ - INFO - Chunk 181 of 215 saved for file VID_20250119_165036.mp4
2025-04-16 21:29:57,560 - __main__ - DEBUG - Received upload_chunk request
2025-04-16 21:29:57,567 - __main__ - DEBUG - Chunk 182 saved at C:\Users\wolfheluo\Documents\workspace\upload\chunked\1744810194383_8rnmek6fh9c_VID_20250119_165036.mp4\00182
2025-04-16 21:29:57,567 - __main__ - INFO - Chunk 182 of 215 saved for file VID_20250119_165036.mp4
2025-04-16 21:29:57,573 - __main__ - DEBUG - Received upload_chunk request
2025-04-16 21:29:57,579 - __main__ - DEBUG - Chunk 183 saved at C:\Users\wolfheluo\Documents\workspace\upload\chunked\1744810194383_8rnmek6fh9c_VID_20250119_165036.mp4\00183
2025-04-16 21:29:57,580 - __main__ - INFO - Chunk 183 of 215 saved for file VID_20250119_165036.mp4
2025-04-16 21:29:57,585 - __main__ - DEBUG - Received upload_chunk request
2025-04-16 21:29:57,591 - __main__ - DEBUG - Chunk 184 saved at C:\Users\wolfheluo\Documents\workspace\upload\chunked\1744810194383_8rnmek6fh9c_VID_20250119_165036.mp4\00184
2025-04-16 21:29:57,591 - __main__ - INFO - Chunk 184 of 215 saved for file VID_20250119_165036.mp4
2025-04-16 21:29:57,597 - __main__ - DEBUG - Received upload_chunk request
2025-04-16 21:29:57,604 - __main__ - DEBUG - Chunk 185 saved at C:\Users\wolfheluo\Documents\workspace\upload\chunked\1744810194383_8rnmek6fh9c_VID_20250119_165036.mp4\00185
2025-04-16 21:29:57,604 - __main__ - INFO - Chunk 185 of 215 saved for file VID_20250119_165036.mp4
2025-04-16 21:29:57,611 - __main__ - DEBUG - Received upload_chunk request
2025-04-16 21:29:57,617 - __main__ - DEBUG - Chunk 186 saved at C:\Users\wolfheluo\Documents\workspace\upload\chunked\1744810194383_8rnmek6fh9c_VID_20250119_165036.mp4\00186
2025-04-16 21:29:57,617 - __main__ - INFO - Chunk 186 of 215 saved for file VID_20250119_165036.mp4
2025-04-16 21:29:57,623 - __main__ - DEBUG - Received upload_chunk request
2025-04-16 21:29:57,629 - __main__ - DEBUG - Chunk 187 saved at C:\Users\wolfheluo\Documents\workspace\upload\chunked\1744810194383_8rnmek6fh9c_VID_20250119_165036.mp4\00187
2025-04-16 21:29:57,629 - __main__ - INFO - Chunk 187 of 215 saved for file VID_20250119_165036.mp4
2025-04-16 21:29:57,636 - __main__ - DEBUG - Received upload_chunk request
2025-04-16 21:29:57,640 - __main__ - DEBUG - Chunk 188 saved at C:\Users\wolfheluo\Documents\workspace\upload\chunked\1744810194383_8rnmek6fh9c_VID_20250119_165036.mp4\00188
2025-04-16 21:29:57,641 - __main__ - INFO - Chunk 188 of 215 saved for file VID_20250119_165036.mp4
2025-04-16 21:29:57,646 - __main__ - DEBUG - Received upload_chunk request
2025-04-16 21:29:57,652 - __main__ - DEBUG - Chunk 189 saved at C:\Users\wolfheluo\Documents\workspace\upload\chunked\1744810194383_8rnmek6fh9c_VID_20250119_165036.mp4\00189
2025-04-16 21:29:57,652 - __main__ - INFO - Chunk 189 of 215 saved for file VID_20250119_165036.mp4
2025-04-16 21:29:57,658 - __main__ - DEBUG - Received upload_chunk request
2025-04-16 21:29:57,663 - __main__ - DEBUG - Chunk 190 saved at C:\Users\wolfheluo\Documents\workspace\upload\chunked\1744810194383_8rnmek6fh9c_VID_20250119_165036.mp4\00190
2025-04-16 21:29:57,664 - __main__ - INFO - Chunk 190 of 215 saved for file VID_20250119_165036.mp4
2025-04-16 21:29:57,670 - __main__ - DEBUG - Received upload_chunk request
2025-04-16 21:29:57,674 - __main__ - DEBUG - Chunk 191 saved at C:\Users\wolfheluo\Documents\workspace\upload\chunked\1744810194383_8rnmek6fh9c_VID_20250119_165036.mp4\00191
2025-04-16 21:29:57,676 - __main__ - INFO - Chunk 191 of 215 saved for file VID_20250119_165036.mp4
2025-04-16 21:29:57,681 - __main__ - DEBUG - Received upload_chunk request
2025-04-16 21:29:57,688 - __main__ - DEBUG - Chunk 192 saved at C:\Users\wolfheluo\Documents\workspace\upload\chunked\1744810194383_8rnmek6fh9c_VID_20250119_165036.mp4\00192
2025-04-16 21:29:57,688 - __main__ - INFO - Chunk 192 of 215 saved for file VID_20250119_165036.mp4
2025-04-16 21:29:57,694 - __main__ - DEBUG - Received upload_chunk request
2025-04-16 21:29:57,700 - __main__ - DEBUG - Chunk 193 saved at C:\Users\wolfheluo\Documents\workspace\upload\chunked\1744810194383_8rnmek6fh9c_VID_20250119_165036.mp4\00193
2025-04-16 21:29:57,701 - __main__ - INFO - Chunk 193 of 215 saved for file VID_20250119_165036.mp4
2025-04-16 21:29:57,707 - __main__ - DEBUG - Received upload_chunk request
2025-04-16 21:29:57,712 - __main__ - DEBUG - Chunk 194 saved at C:\Users\wolfheluo\Documents\workspace\upload\chunked\1744810194383_8rnmek6fh9c_VID_20250119_165036.mp4\00194
2025-04-16 21:29:57,713 - __main__ - INFO - Chunk 194 of 215 saved for file VID_20250119_165036.mp4
2025-04-16 21:29:57,718 - __main__ - DEBUG - Received upload_chunk request
2025-04-16 21:29:57,723 - __main__ - DEBUG - Chunk 195 saved at C:\Users\wolfheluo\Documents\workspace\upload\chunked\1744810194383_8rnmek6fh9c_VID_20250119_165036.mp4\00195
2025-04-16 21:29:57,723 - __main__ - INFO - Chunk 195 of 215 saved for file VID_20250119_165036.mp4
2025-04-16 21:29:57,730 - __main__ - DEBUG - Received upload_chunk request
2025-04-16 21:29:57,737 - __main__ - DEBUG - Chunk 196 saved at C:\Users\wolfheluo\Documents\workspace\upload\chunked\1744810194383_8rnmek6fh9c_VID_20250119_165036.mp4\00196
2025-04-16 21:29:57,737 - __main__ - INFO - Chunk 196 of 215 saved for file VID_20250119_165036.mp4
2025-04-16 21:29:57,743 - __main__ - DEBUG - Received upload_chunk request
2025-04-16 21:29:57,749 - __main__ - DEBUG - Chunk 197 saved at C:\Users\wolfheluo\Documents\workspace\upload\chunked\1744810194383_8rnmek6fh9c_VID_20250119_165036.mp4\00197
2025-04-16 21:29:57,749 - __main__ - INFO - Chunk 197 of 215 saved for file VID_20250119_165036.mp4
2025-04-16 21:29:57,761 - __main__ - DEBUG - Received upload_chunk request
2025-04-16 21:29:57,767 - __main__ - DEBUG - Chunk 198 saved at C:\Users\wolfheluo\Documents\workspace\upload\chunked\1744810194383_8rnmek6fh9c_VID_20250119_165036.mp4\00198
2025-04-16 21:29:57,767 - __main__ - INFO - Chunk 198 of 215 saved for file VID_20250119_165036.mp4
2025-04-16 21:29:57,790 - __main__ - DEBUG - Received upload_chunk request
2025-04-16 21:29:57,796 - __main__ - DEBUG - Chunk 199 saved at C:\Users\wolfheluo\Documents\workspace\upload\chunked\1744810194383_8rnmek6fh9c_VID_20250119_165036.mp4\00199
2025-04-16 21:29:57,797 - __main__ - INFO - Chunk 199 of 215 saved for file VID_20250119_165036.mp4
2025-04-16 21:29:57,803 - __main__ - DEBUG - Received upload_chunk request
2025-04-16 21:29:57,810 - __main__ - DEBUG - Chunk 200 saved at C:\Users\wolfheluo\Documents\workspace\upload\chunked\1744810194383_8rnmek6fh9c_VID_20250119_165036.mp4\00200
2025-04-16 21:29:57,810 - __main__ - INFO - Chunk 200 of 215 saved for file VID_20250119_165036.mp4
2025-04-16 21:29:57,816 - __main__ - DEBUG - Received upload_chunk request
2025-04-16 21:29:57,821 - __main__ - DEBUG - Chunk 201 saved at C:\Users\wolfheluo\Documents\workspace\upload\chunked\1744810194383_8rnmek6fh9c_VID_20250119_165036.mp4\00201
2025-04-16 21:29:57,821 - __main__ - INFO - Chunk 201 of 215 saved for file VID_20250119_165036.mp4
2025-04-16 21:29:57,829 - __main__ - DEBUG - Received upload_chunk request
2025-04-16 21:29:57,836 - __main__ - DEBUG - Chunk 202 saved at C:\Users\wolfheluo\Documents\workspace\upload\chunked\1744810194383_8rnmek6fh9c_VID_20250119_165036.mp4\00202
2025-04-16 21:29:57,836 - __main__ - INFO - Chunk 202 of 215 saved for file VID_20250119_165036.mp4
2025-04-16 21:29:57,842 - __main__ - DEBUG - Received upload_chunk request
2025-04-16 21:29:57,848 - __main__ - DEBUG - Chunk 203 saved at C:\Users\wolfheluo\Documents\workspace\upload\chunked\1744810194383_8rnmek6fh9c_VID_20250119_165036.mp4\00203
2025-04-16 21:29:57,848 - __main__ - INFO - Chunk 203 of 215 saved for file VID_20250119_165036.mp4
2025-04-16 21:29:57,854 - __main__ - DEBUG - Received upload_chunk request
2025-04-16 21:29:57,860 - __main__ - DEBUG - Chunk 204 saved at C:\Users\wolfheluo\Documents\workspace\upload\chunked\1744810194383_8rnmek6fh9c_VID_20250119_165036.mp4\00204
2025-04-16 21:29:57,860 - __main__ - INFO - Chunk 204 of 215 saved for file VID_20250119_165036.mp4
2025-04-16 21:29:57,866 - __main__ - DEBUG - Received upload_chunk request
2025-04-16 21:29:57,872 - __main__ - DEBUG - Chunk 205 saved at C:\Users\wolfheluo\Documents\workspace\upload\chunked\1744810194383_8rnmek6fh9c_VID_20250119_165036.mp4\00205
2025-04-16 21:29:57,872 - __main__ - INFO - Chunk 205 of 215 saved for file VID_20250119_165036.mp4
2025-04-16 21:29:57,878 - __main__ - DEBUG - Received upload_chunk request
2025-04-16 21:29:57,883 - __main__ - DEBUG - Chunk 206 saved at C:\Users\wolfheluo\Documents\workspace\upload\chunked\1744810194383_8rnmek6fh9c_VID_20250119_165036.mp4\00206
2025-04-16 21:29:57,883 - __main__ - INFO - Chunk 206 of 215 saved for file VID_20250119_165036.mp4
2025-04-16 21:29:57,889 - __main__ - DEBUG - Received upload_chunk request
2025-04-16 21:29:57,894 - __main__ - DEBUG - Chunk 207 saved at C:\Users\wolfheluo\Documents\workspace\upload\chunked\1744810194383_8rnmek6fh9c_VID_20250119_165036.mp4\00207
2025-04-16 21:29:57,894 - __main__ - INFO - Chunk 207 of 215 saved for file VID_20250119_165036.mp4
2025-04-16 21:29:57,901 - __main__ - DEBUG - Received upload_chunk request
2025-04-16 21:29:57,907 - __main__ - DEBUG - Chunk 208 saved at C:\Users\wolfheluo\Documents\workspace\upload\chunked\1744810194383_8rnmek6fh9c_VID_20250119_165036.mp4\00208
2025-04-16 21:29:57,908 - __main__ - INFO - Chunk 208 of 215 saved for file VID_20250119_165036.mp4
2025-04-16 21:29:57,914 - __main__ - DEBUG - Received upload_chunk request
2025-04-16 21:29:57,920 - __main__ - DEBUG - Chunk 209 saved at C:\Users\wolfheluo\Documents\workspace\upload\chunked\1744810194383_8rnmek6fh9c_VID_20250119_165036.mp4\00209
2025-04-16 21:29:57,921 - __main__ - INFO - Chunk 209 of 215 saved for file VID_20250119_165036.mp4
2025-04-16 21:29:57,926 - __main__ - DEBUG - Received upload_chunk request
2025-04-16 21:29:57,932 - __main__ - DEBUG - Chunk 210 saved at C:\Users\wolfheluo\Documents\workspace\upload\chunked\1744810194383_8rnmek6fh9c_VID_20250119_165036.mp4\00210
2025-04-16 21:29:57,932 - __main__ - INFO - Chunk 210 of 215 saved for file VID_20250119_165036.mp4
2025-04-16 21:29:57,938 - __main__ - DEBUG - Received upload_chunk request
2025-04-16 21:29:57,944 - __main__ - DEBUG - Chunk 211 saved at C:\Users\wolfheluo\Documents\workspace\upload\chunked\1744810194383_8rnmek6fh9c_VID_20250119_165036.mp4\00211
2025-04-16 21:29:57,944 - __main__ - INFO - Chunk 211 of 215 saved for file VID_20250119_165036.mp4
2025-04-16 21:29:57,950 - __main__ - DEBUG - Received upload_chunk request
2025-04-16 21:29:57,957 - __main__ - DEBUG - Chunk 212 saved at C:\Users\wolfheluo\Documents\workspace\upload\chunked\1744810194383_8rnmek6fh9c_VID_20250119_165036.mp4\00212
2025-04-16 21:29:57,958 - __main__ - INFO - Chunk 212 of 215 saved for file VID_20250119_165036.mp4
2025-04-16 21:29:57,965 - __main__ - DEBUG - Received upload_chunk request
2025-04-16 21:29:57,971 - __main__ - DEBUG - Chunk 213 saved at C:\Users\wolfheluo\Documents\workspace\upload\chunked\1744810194383_8rnmek6fh9c_VID_20250119_165036.mp4\00213
2025-04-16 21:29:57,971 - __main__ - INFO - Chunk 213 of 215 saved for file VID_20250119_165036.mp4
2025-04-16 21:29:57,978 - __main__ - DEBUG - Received upload_chunk request
2025-04-16 21:29:57,982 - __main__ - DEBUG - Chunk 214 saved at C:\Users\wolfheluo\Documents\workspace\upload\chunked\1744810194383_8rnmek6fh9c_VID_20250119_165036.mp4\00214
2025-04-16 21:29:57,982 - __main__ - INFO - Chunk 214 of 215 saved for file VID_20250119_165036.mp4
2025-04-16 21:29:59,284 - __main__ - DEBUG - Temporary chunks for 1744810194383_8rnmek6fh9c_VID_20250119_165036.mp4 cleaned up
2025-04-16 21:29:59,294 - __main__ - DEBUG - File VID_20250119_165036.mp4 detected as: video/mp4
2025-04-16 21:29:59,374 - __main__ - DEBUG - File hash: 5c190bba31b86116d98f0c16cc46027a
2025-04-16 21:29:59,374 - __main__ - DEBUG - File VID_20250119_165036.mp4 successfully assembled from chunks
2025-04-16 21:29:59,375 - __main__ - INFO - File VID_20250119_165036.mp4 successfully assembled from chunks
2025-04-16 21:29:59,380 - __main__ - DEBUG - Received finalize_upload request
2025-04-16 21:29:59,381 - __main__ - INFO - File VID_20250119_165036.mp4 finalization confirmed. Size: 225080912 bytes
2025-04-16 21:30:02,818 - __main__ - DEBUG - Download request for file: IMG_20250411_123721.jpg
2025-04-16 21:30:02,818 - __main__ - DEBUG - File IMG_20250411_123721.jpg found and ready for download
2025-04-16 21:30:09,296 - __main__ - DEBUG - Download request for file: share_fc7e7c96eecc26e24e4dc74e4d4608091737897806682.mp4
2025-04-16 21:30:09,297 - __main__ - DEBUG - File share_fc7e7c96eecc26e24e4dc74e4d4608091737897806682.mp4 found and ready for download
2025-04-16 21:30:09,300 - __main__ - DEBUG - Download request for file: share_fc7e7c96eecc26e24e4dc74e4d4608091737897806682.mp4
2025-04-16 21:30:09,300 - __main__ - DEBUG - File share_fc7e7c96eecc26e24e4dc74e4d4608091737897806682.mp4 found and ready for download
2025-04-16 21:30:09,302 - __main__ - DEBUG - Download request for file: share_fc7e7c96eecc26e24e4dc74e4d4608091737897806682.mp4
2025-04-16 21:30:09,302 - __main__ - DEBUG - File share_fc7e7c96eecc26e24e4dc74e4d4608091737897806682.mp4 found and ready for download
2025-04-16 21:30:09,306 - __main__ - DEBUG - Download request for file: share_fc7e7c96eecc26e24e4dc74e4d4608091737897806682.mp4
2025-04-16 21:30:09,307 - __main__ - DEBUG - Download request for file: share_fc7e7c96eecc26e24e4dc74e4d4608091737897806682.mp4
2025-04-16 21:30:09,307 - __main__ - DEBUG - File share_fc7e7c96eecc26e24e4dc74e4d4608091737897806682.mp4 found and ready for download
2025-04-16 21:30:09,307 - __main__ - DEBUG - File share_fc7e7c96eecc26e24e4dc74e4d4608091737897806682.mp4 found and ready for download
2025-04-16 21:30:09,332 - __main__ - DEBUG - Download request for file: share_fc7e7c96eecc26e24e4dc74e4d4608091737897806682.mp4
2025-04-16 21:30:09,332 - __main__ - DEBUG - File share_fc7e7c96eecc26e24e4dc74e4d4608091737897806682.mp4 found and ready for download
2025-04-16 21:30:09,340 - __main__ - DEBUG - Download request for file: share_fc7e7c96eecc26e24e4dc74e4d4608091737897806682.mp4
2025-04-16 21:30:09,340 - __main__ - DEBUG - File share_fc7e7c96eecc26e24e4dc74e4d4608091737897806682.mp4 found and ready for download
2025-04-16 21:30:09,350 - __main__ - DEBUG - Download request for file: share_fc7e7c96eecc26e24e4dc74e4d4608091737897806682.mp4
2025-04-16 21:30:09,350 - __main__ - DEBUG - File share_fc7e7c96eecc26e24e4dc74e4d4608091737897806682.mp4 found and ready for download
2025-04-16 21:30:09,359 - __main__ - DEBUG - Download request for file: share_fc7e7c96eecc26e24e4dc74e4d4608091737897806682.mp4
2025-04-16 21:30:09,359 - __main__ - DEBUG - File share_fc7e7c96eecc26e24e4dc74e4d4608091737897806682.mp4 found and ready for download
2025-04-16 21:30:09,360 - __main__ - DEBUG - Download request for file: share_fc7e7c96eecc26e24e4dc74e4d4608091737897806682.mp4
2025-04-16 21:30:09,361 - __main__ - DEBUG - File share_fc7e7c96eecc26e24e4dc74e4d4608091737897806682.mp4 found and ready for download
